#
# There is insufficient memory for the Java Runtime Environment to continue.
# Native memory allocation (malloc) failed to allocate 1488272 bytes for Chunk::new
# Possible reasons:
#   The system is out of physical RAM or swap space
#   The process is running with CompressedOops enabled, and the Java Heap may be blocking the growth of the native heap
# Possible solutions:
#   Reduce memory load on the system
#   Increase physical memory or swap space
#   Check if swap backing store is full
#   Decrease Java heap size (-Xmx/-Xms)
#   Decrease number of Java threads
#   Decrease Java thread stack sizes (-Xss)
#   Set larger code cache with -XX:ReservedCodeCacheSize=
#   JVM is running with Unscaled Compressed Oops mode in which the Java heap is
#     placed in the first 4GB address space. The Java Heap base address is the
#     maximum limit for the native heap growth. Please use -XX:HeapBaseMinAddress
#     to set the Java Heap base and to place the Java Heap above 4GB virtual address.
# This output file may be truncated or incomplete.
#
#  Out of Memory Error (allocation.cpp:389), pid=9872, tid=0x00000000000022c8
#
# JRE version: OpenJDK Runtime Environment (8.0_242-b01) (build 1.8.0_242-release-1644-b01)
# Java VM: OpenJDK 64-Bit Server VM (25.242-b01 mixed mode windows-amd64 compressed oops)
# Failed to write core dump. Minidumps are not enabled by default on client versions of Windows
#

---------------  T H R E A D  ---------------

Current thread (0x0000000016ffa800):  JavaThread "C2 CompilerThread1" daemon [_thread_in_native, id=8904, stack(0x0000000018750000,0x0000000018850000)]

Stack: [0x0000000018750000,0x0000000018850000]
[error occurred during error reporting (printing stack bounds), id 0xc0000005]

Native frames: (J=compiled Java code, j=interpreted, Vv=VM code, C=native code)


Current CompileTask:
C2:1183848 14656       4       org.gradle.api.internal.artifacts.transform.TransformingAsyncArtifactListener::artifactAvailable (98 bytes)


---------------  P R O C E S S  ---------------

Java Threads: ( => current thread )
  0x0000000020216800 JavaThread "Cache worker for Build Output Cleanup Cache (C:\Users\LENOVO\Documents\app kotlin\2018c\dataBarang\.gradle\buildOutputCleanup)" [_thread_blocked, id=1940, stack(0x0000000024d80000,0x0000000024e80000)]
  0x0000000020214000 JavaThread "pool-4-thread-1" [_thread_blocked, id=3792, stack(0x0000000024880000,0x0000000024980000)]
  0x0000000020215000 JavaThread "Build operations Thread 4" [_thread_blocked, id=248, stack(0x0000000024580000,0x0000000024680000)]
  0x0000000020212000 JavaThread "Build operations Thread 3" [_thread_blocked, id=7368, stack(0x0000000022af0000,0x0000000022bf0000)]
  0x0000000020215800 JavaThread "Build operations Thread 2" [_thread_blocked, id=3164, stack(0x00000000209b0000,0x0000000020ab0000)]
  0x0000000020213800 JavaThread "Build operations" [_thread_blocked, id=10588, stack(0x00000000205b0000,0x00000000206b0000)]
  0x0000000020211000 JavaThread "Cache worker for cache directory md-rule (C:\Users\LENOVO\.gradle\caches\6.1.1\md-rule)" [_thread_blocked, id=9232, stack(0x00000000204b0000,0x00000000205b0000)]
  0x0000000020210800 JavaThread "Cache worker for cache directory md-supplier (C:\Users\LENOVO\.gradle\caches\6.1.1\md-supplier)" [_thread_blocked, id=3612, stack(0x000000001f370000,0x000000001f470000)]
  0x000000002020c000 JavaThread "Cache worker for file hash cache (C:\Users\LENOVO\Documents\app kotlin\2018c\dataBarang\.gradle\6.1.1\fileHashes)" [_thread_blocked, id=4976, stack(0x000000001f270000,0x000000001f370000)]
  0x0000000020209800 JavaThread "Cache worker for checksums cache (C:\Users\LENOVO\Documents\app kotlin\2018c\dataBarang\.gradle\checksums)" [_thread_blocked, id=10856, stack(0x000000001c6d0000,0x000000001c7d0000)]
  0x000000002020f800 JavaThread "Thread-60" [_thread_blocked, id=5688, stack(0x000000001c5d0000,0x000000001c6d0000)]
  0x0000000020209000 JavaThread "Stdin handler" [_thread_blocked, id=1616, stack(0x000000001c4d0000,0x000000001c5d0000)]
  0x000000002020b000 JavaThread "Asynchronous log dispatcher for DefaultDaemonConnection: socket connection from /127.0.0.1:61850 to /127.0.0.1:63509" [_thread_blocked, id=2220, stack(0x000000001c1d0000,0x000000001c2d0000)]
  0x0000000020208000 JavaThread "Daemon worker Thread 3" [_thread_in_vm, id=1244, stack(0x000000001c0d0000,0x000000001c1d0000)]
  0x000000002020f000 JavaThread "Cancel handler" [_thread_blocked, id=6944, stack(0x00000000020a0000,0x00000000021a0000)]
  0x000000002020c800 JavaThread "Handler for socket connection from /127.0.0.1:61850 to /127.0.0.1:63509" [_thread_in_native, id=12040, stack(0x0000000000780000,0x0000000000880000)]
  0x0000000020207800 JavaThread "Daemon Thread 3" [_thread_blocked, id=7820, stack(0x0000000000680000,0x0000000000780000)]
  0x000000001e106800 JavaThread "RMI Reaper" [_thread_blocked, id=8368, stack(0x0000000026df0000,0x0000000026ef0000)]
  0x000000001e109800 JavaThread "RMI TCP Accept-0" daemon [_thread_in_native, id=5604, stack(0x0000000025bb0000,0x0000000025cb0000)]
  0x000000001e0ff000 JavaThread "GC Daemon" daemon [_thread_blocked, id=10360, stack(0x0000000025750000,0x0000000025850000)]
  0x000000001e106000 JavaThread "RMI Scheduler(0)" daemon [_thread_blocked, id=4108, stack(0x0000000024e80000,0x0000000024f80000)]
  0x000000001f9cd000 JavaThread "Cache worker for file content cache (C:\Users\LENOVO\.gradle\caches\6.1.1\fileContent)" [_thread_blocked, id=3416, stack(0x0000000024480000,0x0000000024580000)]
  0x000000001f9d4000 JavaThread "Memory manager" [_thread_blocked, id=3440, stack(0x0000000024380000,0x0000000024480000)]
  0x000000001ae63800 JavaThread "Cache worker for execution history cache (C:\Users\LENOVO\.gradle\caches\6.1.1\executionHistory)" [_thread_blocked, id=3436, stack(0x00000000206b0000,0x00000000207b0000)]
  0x000000001ae62000 JavaThread "Cache worker for file hash cache (C:\Users\LENOVO\.gradle\caches\6.1.1\fileHashes)" [_thread_blocked, id=5496, stack(0x000000001cdd0000,0x000000001ced0000)]
  0x000000001ae62800 JavaThread "File lock request listener" [_thread_in_native, id=11860, stack(0x000000001ccd0000,0x000000001cdd0000)]
  0x000000001ada1000 JavaThread "Cache worker for journal cache (C:\Users\LENOVO\.gradle\caches\journal-1)" [_thread_blocked, id=12056, stack(0x000000001cbd0000,0x000000001ccd0000)]
  0x000000001ac6a800 JavaThread "Daemon periodic checks" [_thread_blocked, id=11744, stack(0x000000001bfd0000,0x000000001c0d0000)]
  0x000000001ac13000 JavaThread "Incoming local TCP Connector on port 61850" [_thread_in_native, id=6780, stack(0x0000000019050000,0x0000000019150000)]
  0x000000001abae800 JavaThread "Daemon health stats" [_thread_blocked, id=6992, stack(0x0000000018f50000,0x0000000019050000)]
  0x0000000018980800 JavaThread "Service Thread" daemon [_thread_blocked, id=3016, stack(0x0000000018d50000,0x0000000018e50000)]
  0x000000001700a000 JavaThread "C1 CompilerThread2" daemon [_thread_blocked, id=6384, stack(0x0000000018850000,0x0000000018950000)]
=>0x0000000016ffa800 JavaThread "C2 CompilerThread1" daemon [_thread_in_native, id=8904, stack(0x0000000018750000,0x0000000018850000)]
  0x0000000016ff6000 JavaThread "C2 CompilerThread0" daemon [_thread_in_native, id=4960, stack(0x0000000018650000,0x0000000018750000)]
  0x0000000016ff3000 JavaThread "Attach Listener" daemon [_thread_blocked, id=3740, stack(0x0000000018550000,0x0000000018650000)]
  0x0000000016ff1800 JavaThread "Signal Dispatcher" daemon [_thread_blocked, id=12092, stack(0x0000000018450000,0x0000000018550000)]
  0x000000000239c800 JavaThread "Finalizer" daemon [_thread_blocked, id=2676, stack(0x0000000018250000,0x0000000018350000)]
  0x0000000016fd9000 JavaThread "Reference Handler" daemon [_thread_blocked, id=2360, stack(0x0000000018150000,0x0000000018250000)]
  0x000000000206d800 JavaThread "main" [_thread_blocked, id=11520, stack(0x00000000021a0000,0x00000000022a0000)]

Other Threads:
  0x0000000016fb6000 VMThread [stack: 0x0000000018050000,0x0000000018150000] [id=6276]
  0x000000001704d000 WatcherThread [stack: 0x0000000018e50000,0x0000000018f50000] [id=9452]

VM state:not at safepoint (normal execution)

VM Mutex/Monitor currently owned by a thread: None

heap address: 0x0000000080000000, size: 2048 MB, Compressed Oops mode: 32-bit
Narrow klass base: 0x0000000000000000, Narrow klass shift: 3
Compressed class space size: 1073741824 Address: 0x0000000100000000

Heap:
 PSYoungGen      total 334848K, used 36482K [0x00000000d5580000, 0x00000000eed80000, 0x0000000100000000)
  eden space 290304K, 5% used [0x00000000d5580000,0x00000000d63b7040,0x00000000e7100000)
  from space 44544K, 49% used [0x00000000e7100000,0x00000000e8669878,0x00000000e9c80000)
  to   space 44032K, 0% used [0x00000000ec280000,0x00000000ec280000,0x00000000eed80000)
 ParOldGen       total 167936K, used 88850K [0x0000000080000000, 0x000000008a400000, 0x00000000d5580000)
  object space 167936K, 52% used [0x0000000080000000,0x00000000856c4a58,0x000000008a400000)
 Metaspace       used 95956K, capacity 100910K, committed 101144K, reserved 1136640K
  class space    used 12866K, capacity 13807K, committed 13872K, reserved 1048576K

Card table byte_map: [0x0000000011760000,0x0000000011b70000] byte_map_base: 0x0000000011360000

Marking Bits: (ParMarkBitMap*) 0x000000005516f030
 Begin Bits: [0x0000000012220000, 0x0000000014220000)
 End Bits:   [0x0000000014220000, 0x0000000016220000)

Polling page: 0x0000000002040000

CodeCache: size=245760Kb used=41031Kb max_used=41031Kb free=204728Kb
 bounds [0x00000000023a0000, 0x0000000004be0000, 0x00000000113a0000]
 total_blobs=13404 nmethods=12498 adapters=818
 compilation: enabled

Compilation events (10 events):
Event: 1183.727 Thread 0x000000001700a000 14859       3       gnu.trove.TObjectHash::insertionIndex (273 bytes)
Event: 1183.729 Thread 0x000000001700a000 nmethod 14859 0x0000000004bd9dd0 code [0x0000000004bd9fe0, 0x0000000004bdac28]
Event: 1183.730 Thread 0x000000001700a000 14860       3       com.amazon.ion.impl.bin.IonRawBinaryWriter$PatchList::append (43 bytes)
Event: 1183.730 Thread 0x000000001700a000 nmethod 14860 0x0000000004bdb050 code [0x0000000004bdb1c0, 0x0000000004bdb4f0]
Event: 1183.731 Thread 0x000000001700a000 14861       3       com.amazon.ion.impl.bin.IonRawBinaryWriter$PatchList$1::next (5 bytes)
Event: 1183.731 Thread 0x000000001700a000 nmethod 14861 0x0000000004bdb650 code [0x0000000004bdb7c0, 0x0000000004bdb968]
Event: 1183.732 Thread 0x000000001700a000 14862       3       com.amazon.ion.impl.bin.IonRawBinaryWriter$PatchList$1::next (36 bytes)
Event: 1183.733 Thread 0x000000001700a000 nmethod 14862 0x0000000004bdba10 code [0x0000000004bdbb80, 0x0000000004bdbec8]
Event: 1183.744 Thread 0x000000001700a000 14863       1       groovy.lang.GroovySystem::getMetaClassRegistry (4 bytes)
Event: 1183.745 Thread 0x000000001700a000 nmethod 14863 0x0000000004bdc010 code [0x0000000004bdc160, 0x0000000004bdc250]

GC Heap History (10 events):
Event: 24.168 GC heap before
{Heap before GC invocations=17 (full 3):
 PSYoungGen      total 239104K, used 239072K [0x00000000d5580000, 0x00000000e8280000, 0x0000000100000000)
  eden space 220672K, 100% used [0x00000000d5580000,0x00000000e2d00000,0x00000000e2d00000)
  from space 18432K, 99% used [0x00000000e2d00000,0x00000000e3ef8198,0x00000000e3f00000)
  to   space 22016K, 0% used [0x00000000e6d00000,0x00000000e6d00000,0x00000000e8280000)
 ParOldGen       total 87552K, used 36627K [0x0000000080000000, 0x0000000085580000, 0x00000000d5580000)
  object space 87552K, 41% used [0x0000000080000000,0x00000000823c4ed8,0x0000000085580000)
 Metaspace       used 71304K, capacity 74358K, committed 74648K, reserved 1114112K
  class space    used 9768K, capacity 10382K, committed 10416K, reserved 1048576K
Event: 24.239 GC heap after
Heap after GC invocations=17 (full 3):
 PSYoungGen      total 284672K, used 16373K [0x00000000d5580000, 0x00000000e8600000, 0x0000000100000000)
  eden space 262656K, 0% used [0x00000000d5580000,0x00000000d5580000,0x00000000e5600000)
  from space 22016K, 74% used [0x00000000e6d00000,0x00000000e7cfd5f8,0x00000000e8280000)
  to   space 23552K, 0% used [0x00000000e5600000,0x00000000e5600000,0x00000000e6d00000)
 ParOldGen       total 87552K, used 51664K [0x0000000080000000, 0x0000000085580000, 0x00000000d5580000)
  object space 87552K, 59% used [0x0000000080000000,0x0000000083274300,0x0000000085580000)
 Metaspace       used 71304K, capacity 74358K, committed 74648K, reserved 1114112K
  class space    used 9768K, capacity 10382K, committed 10416K, reserved 1048576K
}
Event: 189.766 GC heap before
{Heap before GC invocations=18 (full 3):
 PSYoungGen      total 284672K, used 279029K [0x00000000d5580000, 0x00000000e8600000, 0x0000000100000000)
  eden space 262656K, 100% used [0x00000000d5580000,0x00000000e5600000,0x00000000e5600000)
  from space 22016K, 74% used [0x00000000e6d00000,0x00000000e7cfd5f8,0x00000000e8280000)
  to   space 23552K, 0% used [0x00000000e5600000,0x00000000e5600000,0x00000000e6d00000)
 ParOldGen       total 87552K, used 51664K [0x0000000080000000, 0x0000000085580000, 0x00000000d5580000)
  object space 87552K, 59% used [0x0000000080000000,0x0000000083274300,0x0000000085580000)
 Metaspace       used 78281K, capacity 81668K, committed 81816K, reserved 1120256K
  class space    used 10454K, capacity 11108K, committed 11184K, reserved 1048576K
Event: 189.837 GC heap after
Heap after GC invocations=18 (full 3):
 PSYoungGen      total 286208K, used 23550K [0x00000000d5580000, 0x00000000eb900000, 0x0000000100000000)
  eden space 262656K, 0% used [0x00000000d5580000,0x00000000d5580000,0x00000000e5600000)
  from space 23552K, 99% used [0x00000000e5600000,0x00000000e6cff978,0x00000000e6d00000)
  to   space 29184K, 0% used [0x00000000e9c80000,0x00000000e9c80000,0x00000000eb900000)
 ParOldGen       total 87552K, used 57967K [0x0000000080000000, 0x0000000085580000, 0x00000000d5580000)
  object space 87552K, 66% used [0x0000000080000000,0x000000008389bd58,0x0000000085580000)
 Metaspace       used 78281K, capacity 81668K, committed 81816K, reserved 1120256K
  class space    used 10454K, capacity 11108K, committed 11184K, reserved 1048576K
}
Event: 192.520 GC heap before
{Heap before GC invocations=19 (full 3):
 PSYoungGen      total 286208K, used 286206K [0x00000000d5580000, 0x00000000eb900000, 0x0000000100000000)
  eden space 262656K, 100% used [0x00000000d5580000,0x00000000e5600000,0x00000000e5600000)
  from space 23552K, 99% used [0x00000000e5600000,0x00000000e6cff978,0x00000000e6d00000)
  to   space 29184K, 0% used [0x00000000e9c80000,0x00000000e9c80000,0x00000000eb900000)
 ParOldGen       total 87552K, used 57967K [0x0000000080000000, 0x0000000085580000, 0x00000000d5580000)
  object space 87552K, 66% used [0x0000000080000000,0x000000008389bd58,0x0000000085580000)
 Metaspace       used 85460K, capacity 89720K, committed 89752K, reserved 1126400K
  class space    used 11579K, capacity 12432K, committed 12464K, reserved 1048576K
Event: 192.614 GC heap after
Heap after GC invocations=19 (full 3):
 PSYoungGen      total 319488K, used 29180K [0x00000000d5580000, 0x00000000ee180000, 0x0000000100000000)
  eden space 290304K, 0% used [0x00000000d5580000,0x00000000d5580000,0x00000000e7100000)
  from space 29184K, 99% used [0x00000000e9c80000,0x00000000eb8ff3b8,0x00000000eb900000)
  to   space 44544K, 0% used [0x00000000e7100000,0x00000000e7100000,0x00000000e9c80000)
 ParOldGen       total 87552K, used 86255K [0x0000000080000000, 0x0000000085580000, 0x00000000d5580000)
  object space 87552K, 98% used [0x0000000080000000,0x000000008543bd80,0x0000000085580000)
 Metaspace       used 85460K, capacity 89720K, committed 89752K, reserved 1126400K
  class space    used 11579K, capacity 12432K, committed 12464K, reserved 1048576K
}
Event: 192.614 GC heap before
{Heap before GC invocations=20 (full 4):
 PSYoungGen      total 319488K, used 29180K [0x00000000d5580000, 0x00000000ee180000, 0x0000000100000000)
  eden space 290304K, 0% used [0x00000000d5580000,0x00000000d5580000,0x00000000e7100000)
  from space 29184K, 99% used [0x00000000e9c80000,0x00000000eb8ff3b8,0x00000000eb900000)
  to   space 44544K, 0% used [0x00000000e7100000,0x00000000e7100000,0x00000000e9c80000)
 ParOldGen       total 87552K, used 86255K [0x0000000080000000, 0x0000000085580000, 0x00000000d5580000)
  object space 87552K, 98% used [0x0000000080000000,0x000000008543bd80,0x0000000085580000)
 Metaspace       used 85460K, capacity 89720K, committed 89752K, reserved 1126400K
  class space    used 11579K, capacity 12432K, committed 12464K, reserved 1048576K
Event: 193.090 GC heap after
Heap after GC invocations=20 (full 4):
 PSYoungGen      total 319488K, used 1951K [0x00000000d5580000, 0x00000000ee180000, 0x0000000100000000)
  eden space 290304K, 0% used [0x00000000d5580000,0x00000000d5580000,0x00000000e7100000)
  from space 29184K, 6% used [0x00000000e9c80000,0x00000000e9e67c38,0x00000000eb900000)
  to   space 44544K, 0% used [0x00000000e7100000,0x00000000e7100000,0x00000000e9c80000)
 ParOldGen       total 167936K, used 87535K [0x0000000080000000, 0x000000008a400000, 0x00000000d5580000)
  object space 167936K, 52% used [0x0000000080000000,0x000000008557be78,0x000000008a400000)
 Metaspace       used 85346K, capacity 89400K, committed 89752K, reserved 1126400K
  class space    used 11543K, capacity 12368K, committed 12464K, reserved 1048576K
}
Event: 1183.103 GC heap before
{Heap before GC invocations=21 (full 4):
 PSYoungGen      total 319488K, used 292255K [0x00000000d5580000, 0x00000000ee180000, 0x0000000100000000)
  eden space 290304K, 100% used [0x00000000d5580000,0x00000000e7100000,0x00000000e7100000)
  from space 29184K, 6% used [0x00000000e9c80000,0x00000000e9e67c38,0x00000000eb900000)
  to   space 44544K, 0% used [0x00000000e7100000,0x00000000e7100000,0x00000000e9c80000)
 ParOldGen       total 167936K, used 87535K [0x0000000080000000, 0x000000008a400000, 0x00000000d5580000)
  object space 167936K, 52% used [0x0000000080000000,0x000000008557be78,0x000000008a400000)
 Metaspace       used 95852K, capacity 100762K, committed 100888K, reserved 1136640K
  class space    used 12856K, capacity 13793K, committed 13872K, reserved 1048576K
Event: 1183.434 GC heap after
Heap after GC invocations=21 (full 4):
 PSYoungGen      total 334848K, used 21926K [0x00000000d5580000, 0x00000000eed80000, 0x0000000100000000)
  eden space 290304K, 0% used [0x00000000d5580000,0x00000000d5580000,0x00000000e7100000)
  from space 44544K, 49% used [0x00000000e7100000,0x00000000e8669878,0x00000000e9c80000)
  to   space 44032K, 0% used [0x00000000ec280000,0x00000000ec280000,0x00000000eed80000)
 ParOldGen       total 167936K, used 88850K [0x0000000080000000, 0x000000008a400000, 0x00000000d5580000)
  object space 167936K, 52% used [0x0000000080000000,0x00000000856c4a58,0x000000008a400000)
 Metaspace       used 95852K, capacity 100762K, committed 100888K, reserved 1136640K
  class space    used 12856K, capacity 13793K, committed 13872K, reserved 1048576K
}

Deoptimization events (10 events):
Event: 1181.717 Thread 0x0000000020215000 Uncommon trap: reason=class_check action=maybe_recompile pc=0x000000000426d774 method=org.gradle.api.internal.artifacts.transform.TransformingAsyncArtifactListener.createTransformationResult(Lorg/gradle/api/internal/artifacts/transform/TransformationSubje
Event: 1181.717 Thread 0x0000000020215800 Uncommon trap: reason=class_check action=maybe_recompile pc=0x000000000426d774 method=org.gradle.api.internal.artifacts.transform.TransformingAsyncArtifactListener.createTransformationResult(Lorg/gradle/api/internal/artifacts/transform/TransformationSubje
Event: 1181.716 Thread 0x0000000020212000 Uncommon trap: reason=class_check action=maybe_recompile pc=0x000000000426d774 method=org.gradle.api.internal.artifacts.transform.TransformingAsyncArtifactListener.createTransformationResult(Lorg/gradle/api/internal/artifacts/transform/TransformationSubje
Event: 1181.717 Thread 0x0000000020208000 Uncommon trap: reason=class_check action=maybe_recompile pc=0x000000000426d774 method=org.gradle.api.internal.artifacts.transform.TransformingAsyncArtifactListener.createTransformationResult(Lorg/gradle/api/internal/artifacts/transform/TransformationSubje
Event: 1181.717 Thread 0x0000000020213800 Uncommon trap: reason=class_check action=maybe_recompile pc=0x000000000426d774 method=org.gradle.api.internal.artifacts.transform.TransformingAsyncArtifactListener.createTransformationResult(Lorg/gradle/api/internal/artifacts/transform/TransformationSubje
Event: 1182.001 Thread 0x0000000020215800 Uncommon trap: reason=unstable_if action=reinterpret pc=0x0000000003c50d48 method=com.google.common.cache.LocalCache$Segment.evictEntries(Lcom/google/common/cache/ReferenceEntry;)V @ 69
Event: 1182.199 Thread 0x0000000020215800 Uncommon trap: reason=unstable_if action=reinterpret pc=0x0000000002581b74 method=java.util.concurrent.ArrayBlockingQueue.enqueue(Ljava/lang/Object;)V @ 25
Event: 1182.201 Thread 0x000000001ada1000 Uncommon trap: reason=unstable_if action=reinterpret pc=0x0000000003bc50ac method=java.util.concurrent.ArrayBlockingQueue.dequeue()Ljava/lang/Object; @ 32
Event: 1182.665 Thread 0x0000000020208000 Uncommon trap: reason=unstable_if action=reinterpret pc=0x0000000003f80b34 method=com.esotericsoftware.kryo.io.Output.writeByte(B)V @ 8
Event: 1183.468 Thread 0x0000000020208000 Uncommon trap: reason=unstable_if action=reinterpret pc=0x000000000481781c method=com.esotericsoftware.kryo.io.Output.writeBoolean(Z)V @ 8

Classes redefined (0 events):
No events

Internal exceptions (10 events):
Event: 1180.719 Thread 0x0000000020208000 Exception <a 'java/lang/ClassNotFoundException': org/gradle/plugins/ide/idea/model/IdeaProject_DecoratedCustomizer> (0x00000000e3a54a08) thrown at [C:\src\AOSP-openjdk-git\hotspot\src\share\vm\classfile\systemDictionary.cpp, line 210]
Event: 1180.867 Thread 0x0000000020208000 Exception <a 'java/lang/ClassNotFoundException': org/gradle/plugins/ide/idea/model/IdeaModule_DecoratedBeanInfo> (0x00000000e3b367b0) thrown at [C:\src\AOSP-openjdk-git\hotspot\src\share\vm\classfile\systemDictionary.cpp, line 210]
Event: 1180.873 Thread 0x0000000020208000 Exception <a 'java/lang/ClassNotFoundException': org/gradle/plugins/ide/idea/model/IdeaModuleBeanInfo> (0x00000000e3b61000) thrown at [C:\src\AOSP-openjdk-git\hotspot\src\share\vm\classfile\systemDictionary.cpp, line 210]
Event: 1180.884 Thread 0x0000000020208000 Exception <a 'java/lang/ClassNotFoundException': org/gradle/plugins/ide/idea/model/IdeaModuleCustomizer> (0x00000000e3b8c3e8) thrown at [C:\src\AOSP-openjdk-git\hotspot\src\share\vm\classfile\systemDictionary.cpp, line 210]
Event: 1180.920 Thread 0x0000000020208000 Exception <a 'java/lang/ClassNotFoundException': org/gradle/plugins/ide/idea/model/IdeaModule_DecoratedCustomizer> (0x00000000e3c33ad8) thrown at [C:\src\AOSP-openjdk-git\hotspot\src\share\vm\classfile\systemDictionary.cpp, line 210]
Event: 1181.047 Thread 0x0000000020208000 Exception <a 'java/lang/NoSuchMethodError': <clinit>> (0x00000000e3d0ddb8) thrown at [C:\src\AOSP-openjdk-git\hotspot\src\share\vm\prims\jni.cpp, line 1615]
Event: 1181.712 Thread 0x0000000020208000 Exception <a 'java/lang/NoSuchMethodError': java.lang.Object.lambda$flatMap$3(Ljava/util/function/Function;)Lorg/gradle/internal/Try;> (0x00000000e4deb5e0) thrown at [C:\src\AOSP-openjdk-git\hotspot\src\share\vm\interpreter\linkResolver.cpp, line 620]
Event: 1181.835 Thread 0x0000000020213800 Exception <a 'java/lang/NoSuchMethodError': java.lang.Object.lambda$flatMap$2(Ljava/util/function/Function;Ljava/lang/Object;)Lorg/gradle/internal/Try;> (0x00000000e50ffe30) thrown at [C:\src\AOSP-openjdk-git\hotspot\src\share\vm\interpreter\linkResolver.
Event: 1183.659 Thread 0x0000000020208000 Exception <a 'java/lang/NoSuchMethodError': <clinit>> (0x00000000d60408a0) thrown at [C:\src\AOSP-openjdk-git\hotspot\src\share\vm\prims\jni.cpp, line 1615]
Event: 1183.664 Thread 0x0000000020208000 Exception <a 'java/lang/NoSuchMethodError': <clinit>> (0x00000000d6079580) thrown at [C:\src\AOSP-openjdk-git\hotspot\src\share\vm\prims\jni.cpp, line 1615]

Events (10 events):
Event: 1183.697 loading class org/jetbrains/plugins/gradle/model/GradleConvention
Event: 1183.697 loading class org/jetbrains/plugins/gradle/model/GradleConvention done
Event: 1183.697 loading class org/gradle/api/reflect/TypeOf
Event: 1183.697 loading class org/gradle/api/reflect/TypeOf done
Event: 1183.735 loading class groovy/runtime/metaclass/org/jetbrains/plugins/gradle/tooling/builder/ExternalTestsModelBuilderImpl$_getMapping_closure1MetaClass
Event: 1183.735 loading class groovy/runtime/metaclass/org/jetbrains/plugins/gradle/tooling/builder/ExternalTestsModelBuilderImpl$_getMapping_closure1MetaClass done
Event: 1183.736 loading class org/codehaus/groovy/runtime/metaclass/ClosureMetaClass$5
Event: 1183.736 loading class org/codehaus/groovy/runtime/metaclass/ClosureMetaClass$5 done
Event: 1183.760 loading class groovy/runtime/metaclass/java/util/LinkedHashSetMetaClass
Event: 1183.760 loading class groovy/runtime/metaclass/java/util/LinkedHashSetMetaClass done


Dynamic libraries:
0x00007ff6fe8a0000 - 0x00007ff6fe8d1000 	C:\Program Files\Android\Android Studio\jre\bin\java.exe
0x00007ffaaa3d0000 - 0x00007ffaaa5c5000 	C:\WINDOWS\SYSTEM32\ntdll.dll
0x00007ffaaa190000 - 0x00007ffaaa24d000 	C:\WINDOWS\System32\KERNEL32.DLL
0x00007ffaa7d50000 - 0x00007ffaa8018000 	C:\WINDOWS\System32\KERNELBASE.dll
0x00007ffaa8d90000 - 0x00007ffaa8e3c000 	C:\WINDOWS\System32\ADVAPI32.dll
0x00007ffaaa250000 - 0x00007ffaaa2ee000 	C:\WINDOWS\System32\msvcrt.dll
0x00007ffaaa2f0000 - 0x00007ffaaa38b000 	C:\WINDOWS\System32\sechost.dll
0x00007ffaa8900000 - 0x00007ffaa8a2b000 	C:\WINDOWS\System32\RPCRT4.dll
0x00007ffaa9310000 - 0x00007ffaa94b0000 	C:\WINDOWS\System32\USER32.dll
0x00007ffaa7b10000 - 0x00007ffaa7b32000 	C:\WINDOWS\System32\win32u.dll
0x00007ffaa9940000 - 0x00007ffaa996a000 	C:\WINDOWS\System32\GDI32.dll
0x00007ffaa81a0000 - 0x00007ffaa82ab000 	C:\WINDOWS\System32\gdi32full.dll
0x00007ffaa8310000 - 0x00007ffaa83ad000 	C:\WINDOWS\System32\msvcp_win.dll
0x00007ffaa8070000 - 0x00007ffaa8170000 	C:\WINDOWS\System32\ucrtbase.dll
0x00007ffa996a0000 - 0x00007ffa9993a000 	C:\WINDOWS\WinSxS\amd64_microsoft.windows.common-controls_6595b64144ccf1df_6.0.19041.844_none_ca00b6081b84eb1d\COMCTL32.dll
0x00007ffaa92e0000 - 0x00007ffaa9310000 	C:\WINDOWS\System32\IMM32.DLL
0x0000000055bf0000 - 0x0000000055cc2000 	C:\Program Files\Android\Android Studio\jre\jre\bin\msvcr100.dll
0x00000000549a0000 - 0x00000000551eb000 	C:\Program Files\Android\Android Studio\jre\jre\bin\server\jvm.dll
0x00007ffaaa180000 - 0x00007ffaaa188000 	C:\WINDOWS\System32\PSAPI.DLL
0x00007ffaa3750000 - 0x00007ffaa3759000 	C:\WINDOWS\SYSTEM32\WSOCK32.dll
0x00007ffa9a150000 - 0x00007ffa9a177000 	C:\WINDOWS\SYSTEM32\WINMM.dll
0x00007ffaa9270000 - 0x00007ffaa92db000 	C:\WINDOWS\System32\WS2_32.dll
0x00007ffa975c0000 - 0x00007ffa975ca000 	C:\WINDOWS\SYSTEM32\VERSION.dll
0x00007ffaa0590000 - 0x00007ffaa059f000 	C:\Program Files\Android\Android Studio\jre\jre\bin\verify.dll
0x00007ffaa0560000 - 0x00007ffaa0589000 	C:\Program Files\Android\Android Studio\jre\jre\bin\java.dll
0x00007ffa9b050000 - 0x00007ffa9b066000 	C:\Program Files\Android\Android Studio\jre\jre\bin\zip.dll
0x00007ffaa9970000 - 0x00007ffaaa0b2000 	C:\WINDOWS\System32\SHELL32.dll
0x00007ffaa5c60000 - 0x00007ffaa63f0000 	C:\WINDOWS\SYSTEM32\windows.storage.dll
0x00007ffaa8a30000 - 0x00007ffaa8d85000 	C:\WINDOWS\System32\combase.dll
0x00007ffaa7510000 - 0x00007ffaa753c000 	C:\WINDOWS\SYSTEM32\Wldp.dll
0x00007ffaaa0d0000 - 0x00007ffaaa17e000 	C:\WINDOWS\System32\SHCORE.dll
0x00007ffaa9130000 - 0x00007ffaa9185000 	C:\WINDOWS\System32\shlwapi.dll
0x00007ffaa7a50000 - 0x00007ffaa7a6f000 	C:\WINDOWS\SYSTEM32\profapi.dll
0x00007ffa91760000 - 0x00007ffa9177a000 	C:\Program Files\Android\Android Studio\jre\jre\bin\net.dll
0x00007ffaa7280000 - 0x00007ffaa72ea000 	C:\WINDOWS\system32\mswsock.dll
0x00007ffa90ff0000 - 0x00007ffa91003000 	C:\Program Files\Android\Android Studio\jre\jre\bin\nio.dll
0x00007ffa8f6e0000 - 0x00007ffa8f706000 	C:\Users\LENOVO\.gradle\native\31\windows-amd64\native-platform.dll
0x00007ffa9cf30000 - 0x00007ffa9cf3d000 	C:\Program Files\Android\Android Studio\jre\jre\bin\management.dll
0x00007ffaa7460000 - 0x00007ffaa7478000 	C:\WINDOWS\SYSTEM32\CRYPTSP.dll
0x00007ffaa6c20000 - 0x00007ffaa6c54000 	C:\WINDOWS\system32\rsaenh.dll
0x00007ffaa8170000 - 0x00007ffaa8197000 	C:\WINDOWS\System32\bcrypt.dll
0x00007ffaa7a10000 - 0x00007ffaa7a3e000 	C:\WINDOWS\SYSTEM32\USERENV.dll
0x00007ffaa83b0000 - 0x00007ffaa8430000 	C:\WINDOWS\System32\bcryptprimitives.dll
0x00007ffaa7450000 - 0x00007ffaa745c000 	C:\WINDOWS\SYSTEM32\CRYPTBASE.dll
0x00007ffaa6f70000 - 0x00007ffaa6fab000 	C:\WINDOWS\SYSTEM32\IPHLPAPI.DLL
0x00007ffaaa0c0000 - 0x00007ffaaa0c8000 	C:\WINDOWS\System32\NSI.dll
0x00007ffa9ef70000 - 0x00007ffa9ef87000 	C:\WINDOWS\SYSTEM32\dhcpcsvc6.DLL
0x00007ffa9f220000 - 0x00007ffa9f23d000 	C:\WINDOWS\SYSTEM32\dhcpcsvc.DLL
0x00007ffaa6fb0000 - 0x00007ffaa707c000 	C:\WINDOWS\SYSTEM32\DNSAPI.dll
0x00007ffaa5100000 - 0x00007ffaa511e000 	C:\Users\LENOVO\AppData\Local\Temp\native-platform1126428557297049653dir\native-platform.dll

VM Arguments:
jvm_args: -Xmx2048m -Dfile.encoding=windows-1252 -Duser.country=ID -Duser.language=en -Duser.variant 
java_command: org.gradle.launcher.daemon.bootstrap.GradleDaemon 6.1.1
java_class_path (initial): C:\Users\LENOVO\.gradle\wrapper\dists\gradle-6.1.1-all\cfmwm155h49vnt3hynmlrsdst\gradle-6.1.1\lib\gradle-launcher-6.1.1.jar
Launcher Type: SUN_STANDARD

Environment Variables:
PATH=C:\ProgramData\Oracle\Java\javapath;C:\WINDOWS\system32;C:\WINDOWS;C:\WINDOWS\System32\Wbem;C:\WINDOWS\System32\WindowsPowerShell\v1.0\;C:\WINDOWS\System32\OpenSSH\;C:\Program Files (x86)\Microsoft SQL Server\100\Tools\Binn\;C:\Program Files\Microsoft SQL Server\100\Tools\Binn\;C:\Program Files\Microsoft SQL Server\100\DTS\Binn\;C:\Program Files\Git\cmd;C:\Users\LENOVO\AppData\Local\Microsoft\WindowsApps;;C:\Users\LENOVO\AppData\Local\Programs\Microsoft VS Code\bin
USERNAME=LENOVO
OS=Windows_NT
PROCESSOR_IDENTIFIER=Intel64 Family 6 Model 58 Stepping 9, GenuineIntel



---------------  S Y S T E M  ---------------

OS: Windows 10.0 , 64 bit Build 19041 (10.0.19041.928)

CPU:total 4 (initial active 4) (2 cores per cpu, 2 threads per core) family 6 model 58 stepping 9, cmov, cx8, fxsr, mmx, sse, sse2, sse3, ssse3, sse4.1, sse4.2, popcnt, avx, aes, clmul, erms, ht, tsc, tscinvbit, tscinv

Memory: 4k page, physical 3862632k(342336k free), swap 7374576k(5824k free)

vm_info: OpenJDK 64-Bit Server VM (25.242-b01) for windows-amd64 JRE (1.8.0_242-release-1644-b01), built by "builder" with MS VC++ 10.0 (VS2010)

time: Wed Jun 23 11:03:51 2021
timezone: SE Asia Standard Time
elapsed time: 1183 seconds (0d 0h 19m 43s)

