#
# There is insufficient memory for the Java Runtime Environment to continue.
# Native memory allocation (malloc) failed to allocate 1747104 bytes for Chunk::new
# Possible reasons:
#   The system is out of physical RAM or swap space
#   The process is running with CompressedOops enabled, and the Java Heap may be blocking the growth of the native heap
# Possible solutions:
#   Reduce memory load on the system
#   Increase physical memory or swap space
#   Check if swap backing store is full
#   Decrease Java heap size (-Xmx/-Xms)
#   Decrease number of Java threads
#   Decrease Java thread stack sizes (-Xss)
#   Set larger code cache with -XX:ReservedCodeCacheSize=
#   JVM is running with Unscaled Compressed Oops mode in which the Java heap is
#     placed in the first 4GB address space. The Java Heap base address is the
#     maximum limit for the native heap growth. Please use -XX:HeapBaseMinAddress
#     to set the Java Heap base and to place the Java Heap above 4GB virtual address.
# This output file may be truncated or incomplete.
#
#  Out of Memory Error (allocation.cpp:389), pid=11736, tid=0x0000000000000d50
#
# JRE version: OpenJDK Runtime Environment (8.0_242-b01) (build 1.8.0_242-release-1644-b01)
# Java VM: OpenJDK 64-Bit Server VM (25.242-b01 mixed mode windows-amd64 compressed oops)
# Failed to write core dump. Minidumps are not enabled by default on client versions of Windows
#

---------------  T H R E A D  ---------------

Current thread (0x0000000016f0d000):  JavaThread "C2 CompilerThread1" daemon [_thread_in_native, id=3408, stack(0x0000000018a20000,0x0000000018b20000)]

Stack: [0x0000000018a20000,0x0000000018b20000]
[error occurred during error reporting (printing stack bounds), id 0xc0000005]

Native frames: (J=compiled Java code, j=interpreted, Vv=VM code, C=native code)


Current CompileTask:
C2:  26948 7851   !   4       java.net.URLClassLoader$1::run (63 bytes)


---------------  P R O C E S S  ---------------

Java Threads: ( => current thread )
  0x00000000198ae000 JavaThread "Cache worker for Build Output Cleanup Cache (C:\Users\LENOVO\Documents\app kotlin\2018c\dataBarang\.gradle\buildOutputCleanup)" [_thread_blocked, id=1620, stack(0x0000000023950000,0x0000000023a50000)]
  0x00000000198b4000 JavaThread "pool-1-thread-1" [_thread_blocked, id=2728, stack(0x0000000022e40000,0x0000000022f40000)]
  0x00000000198ab800 JavaThread "Build operations Thread 4" [_thread_blocked, id=856, stack(0x0000000021ae0000,0x0000000021be0000)]
  0x00000000198b2000 JavaThread "Build operations Thread 3" [_thread_blocked, id=9568, stack(0x00000000219e0000,0x0000000021ae0000)]
  0x00000000198b1000 JavaThread "Build operations Thread 2" [_thread_blocked, id=10524, stack(0x00000000206c0000,0x00000000207c0000)]
  0x00000000198b0000 JavaThread "Build operations" [_thread_blocked, id=6320, stack(0x000000001f560000,0x000000001f660000)]
  0x000000001aabd000 JavaThread "Cache worker for execution history cache (C:\Users\LENOVO\.gradle\caches\6.1.1\executionHistory)" [_thread_blocked, id=3848, stack(0x000000001f460000,0x000000001f560000)]
  0x000000001aabe800 JavaThread "Cache worker for cache directory md-rule (C:\Users\LENOVO\.gradle\caches\6.1.1\md-rule)" [_thread_blocked, id=1252, stack(0x000000001f360000,0x000000001f460000)]
  0x000000001aac0800 JavaThread "Cache worker for cache directory md-supplier (C:\Users\LENOVO\.gradle\caches\6.1.1\md-supplier)" [_thread_blocked, id=4784, stack(0x000000001f260000,0x000000001f360000)]
  0x000000001aac0000 JavaThread "Cache worker for file hash cache (C:\Users\LENOVO\Documents\app kotlin\2018c\dataBarang\.gradle\6.1.1\fileHashes)" [_thread_blocked, id=11308, stack(0x0000000020890000,0x0000000020990000)]
  0x000000001aac2000 JavaThread "Cache worker for checksums cache (C:\Users\LENOVO\Documents\app kotlin\2018c\dataBarang\.gradle\checksums)" [_thread_blocked, id=1304, stack(0x000000001f160000,0x000000001f260000)]
  0x000000001aabd800 JavaThread "Cache worker for file hash cache (C:\Users\LENOVO\.gradle\caches\6.1.1\fileHashes)" [_thread_blocked, id=4464, stack(0x000000001cc40000,0x000000001cd40000)]
  0x000000001aabf000 JavaThread "File lock request listener" [_thread_in_native, id=2532, stack(0x000000001cb40000,0x000000001cc40000)]
  0x000000001aae8800 JavaThread "Cache worker for journal cache (C:\Users\LENOVO\.gradle\caches\journal-1)" [_thread_blocked, id=10864, stack(0x000000001ca40000,0x000000001cb40000)]
  0x000000001a7ed800 JavaThread "Thread-9" [_thread_blocked, id=9788, stack(0x000000001c740000,0x000000001c840000)]
  0x000000001a7df000 JavaThread "Stdin handler" [_thread_blocked, id=3604, stack(0x000000001c640000,0x000000001c740000)]
  0x00000000189f7800 JavaThread "Asynchronous log dispatcher for DefaultDaemonConnection: socket connection from /127.0.0.1:49653 to /127.0.0.1:49654" [_thread_blocked, id=4104, stack(0x000000001c540000,0x000000001c640000)]
  0x00000000189f1800 JavaThread "Daemon worker" [_thread_in_Java, id=10156, stack(0x000000001c440000,0x000000001c540000)]
  0x00000000189f1000 JavaThread "Cancel handler" [_thread_blocked, id=5560, stack(0x000000001c340000,0x000000001c440000)]
  0x000000001905e000 JavaThread "Handler for socket connection from /127.0.0.1:49653 to /127.0.0.1:49654" [_thread_in_native, id=984, stack(0x000000001c040000,0x000000001c140000)]
  0x000000001a75f800 JavaThread "Daemon" [_thread_blocked, id=9760, stack(0x000000001bf40000,0x000000001c040000)]
  0x000000001904e000 JavaThread "Daemon periodic checks" [_thread_blocked, id=10028, stack(0x000000001be40000,0x000000001bf40000)]
  0x000000001a75d000 JavaThread "Incoming local TCP Connector on port 49653" [_thread_in_native, id=9656, stack(0x000000001bc00000,0x000000001bd00000)]
  0x000000001a727800 JavaThread "Daemon health stats" [_thread_blocked, id=3972, stack(0x000000001b5c0000,0x000000001b6c0000)]
  0x0000000018627000 JavaThread "Service Thread" daemon [_thread_blocked, id=5312, stack(0x0000000018c20000,0x0000000018d20000)]
  0x0000000016f0e000 JavaThread "C1 CompilerThread2" daemon [_thread_blocked, id=3000, stack(0x0000000018b20000,0x0000000018c20000)]
=>0x0000000016f0d000 JavaThread "C2 CompilerThread1" daemon [_thread_in_native, id=3408, stack(0x0000000018a20000,0x0000000018b20000)]
  0x0000000016eb6000 JavaThread "C2 CompilerThread0" daemon [_thread_in_native, id=8728, stack(0x0000000018520000,0x0000000018620000)]
  0x0000000016eb3000 JavaThread "Attach Listener" daemon [_thread_blocked, id=11472, stack(0x0000000018420000,0x0000000018520000)]
  0x0000000016eb2000 JavaThread "Signal Dispatcher" daemon [_thread_blocked, id=2512, stack(0x0000000018320000,0x0000000018420000)]
  0x000000000224c800 JavaThread "Finalizer" daemon [_thread_blocked, id=7908, stack(0x0000000018110000,0x0000000018210000)]
  0x0000000016e99000 JavaThread "Reference Handler" daemon [_thread_blocked, id=9928, stack(0x0000000018010000,0x0000000018110000)]
  0x000000000088d800 JavaThread "main" [_thread_blocked, id=9488, stack(0x0000000002040000,0x0000000002140000)]

Other Threads:
  0x0000000016e76000 VMThread [stack: 0x0000000017f10000,0x0000000018010000] [id=12240]
  0x0000000018628000 WatcherThread [stack: 0x0000000018d20000,0x0000000018e20000] [id=8776]

VM state:not at safepoint (normal execution)

VM Mutex/Monitor currently owned by a thread: None

heap address: 0x0000000080000000, size: 2048 MB, Compressed Oops mode: 32-bit
Narrow klass base: 0x0000000000000000, Narrow klass shift: 3
Compressed class space size: 1073741824 Address: 0x0000000100000000

Heap:
 PSYoungGen      total 194560K, used 84462K [0x00000000d5580000, 0x00000000e2f80000, 0x0000000100000000)
  eden space 173568K, 40% used [0x00000000d5580000,0x00000000d99e7d88,0x00000000dff00000)
  from space 20992K, 68% used [0x00000000dff00000,0x00000000e0d13bc0,0x00000000e1380000)
  to   space 15360K, 0% used [0x00000000e1380000,0x00000000e1380000,0x00000000e2280000)
 ParOldGen       total 104448K, used 38777K [0x0000000080000000, 0x0000000086600000, 0x00000000d5580000)
  object space 104448K, 37% used [0x0000000080000000,0x00000000825de6f0,0x0000000086600000)
 Metaspace       used 68445K, capacity 71434K, committed 71640K, reserved 1112064K
  class space    used 9385K, capacity 9926K, committed 9984K, reserved 1048576K

Card table byte_map: [0x0000000011620000,0x0000000011a30000] byte_map_base: 0x0000000011220000

Marking Bits: (ParMarkBitMap*) 0x000000005516f030
 Begin Bits: [0x00000000120e0000, 0x00000000140e0000)
 End Bits:   [0x00000000140e0000, 0x00000000160e0000)

Polling page: 0x0000000000870000

CodeCache: size=245760Kb used=23117Kb max_used=23130Kb free=222642Kb
 bounds [0x0000000002260000, 0x0000000003920000, 0x0000000011260000]
 total_blobs=7928 nmethods=7119 adapters=722
 compilation: enabled

Compilation events (10 events):
Event: 26.927 Thread 0x0000000016f0e000 nmethod 7937 0x00000000027837d0 code [0x0000000002783980, 0x0000000002783fd8]
Event: 26.927 Thread 0x0000000016f0e000 7938       3       java.util.regex.Pattern$4::match (14 bytes)
Event: 26.927 Thread 0x0000000016f0e000 nmethod 7938 0x0000000002c89050 code [0x0000000002c891a0, 0x0000000002c89350]
Event: 26.936 Thread 0x0000000016f0e000 7945       3       java.lang.reflect.Constructor::newInstance (87 bytes)
Event: 26.937 Thread 0x0000000016f0e000 nmethod 7945 0x0000000002782c50 code [0x0000000002782e40, 0x0000000002783568]
Event: 26.943 Thread 0x0000000016f0e000 7946       3       com.sun.org.apache.xerces.internal.impl.XMLDocumentFragmentScannerImpl::getCharacterData (17 bytes)
Event: 26.943 Thread 0x0000000016f0e000 nmethod 7946 0x00000000027828d0 code [0x0000000002782a20, 0x0000000002782bd0]
Event: 26.945 Thread 0x0000000016f0e000 7947       3       java.util.logging.Logger::isLoggable (25 bytes)
Event: 26.945 Thread 0x0000000016f0e000 nmethod 7947 0x0000000002782410 code [0x0000000002782580, 0x0000000002782810]
Event: 26.945 Thread 0x0000000016f0e000 7948       3       sun.reflect.UnsafeObjectFieldAccessorImpl::set (56 bytes)

GC Heap History (10 events):
Event: 12.541 GC heap before
{Heap before GC invocations=12 (full 2):
 PSYoungGen      total 165376K, used 10019K [0x00000000d5580000, 0x00000000e0780000, 0x0000000100000000)
  eden space 153600K, 0% used [0x00000000d5580000,0x00000000d5580000,0x00000000deb80000)
  from space 11776K, 85% used [0x00000000df800000,0x00000000e01c8fd0,0x00000000e0380000)
  to   space 12800K, 0% used [0x00000000deb80000,0x00000000deb80000,0x00000000df800000)
 ParOldGen       total 35328K, used 10361K [0x0000000080000000, 0x0000000082280000, 0x00000000d5580000)
  object space 35328K, 29% used [0x0000000080000000,0x0000000080a1e4a8,0x0000000082280000)
 Metaspace       used 34311K, capacity 35286K, committed 35416K, reserved 1079296K
  class space    used 4669K, capacity 4910K, committed 4992K, reserved 1048576K
Event: 12.749 GC heap after
Heap after GC invocations=12 (full 2):
 PSYoungGen      total 165376K, used 0K [0x00000000d5580000, 0x00000000e0780000, 0x0000000100000000)
  eden space 153600K, 0% used [0x00000000d5580000,0x00000000d5580000,0x00000000deb80000)
  from space 11776K, 0% used [0x00000000df800000,0x00000000df800000,0x00000000e0380000)
  to   space 12800K, 0% used [0x00000000deb80000,0x00000000deb80000,0x00000000df800000)
 ParOldGen       total 61440K, used 17227K [0x0000000080000000, 0x0000000083c00000, 0x00000000d5580000)
  object space 61440K, 28% used [0x0000000080000000,0x00000000810d2e10,0x0000000083c00000)
 Metaspace       used 34311K, capacity 35286K, committed 35416K, reserved 1079296K
  class space    used 4669K, capacity 4910K, committed 4992K, reserved 1048576K
}
Event: 16.973 GC heap before
{Heap before GC invocations=13 (full 2):
 PSYoungGen      total 165376K, used 153600K [0x00000000d5580000, 0x00000000e0780000, 0x0000000100000000)
  eden space 153600K, 100% used [0x00000000d5580000,0x00000000deb80000,0x00000000deb80000)
  from space 11776K, 0% used [0x00000000df800000,0x00000000df800000,0x00000000e0380000)
  to   space 12800K, 0% used [0x00000000deb80000,0x00000000deb80000,0x00000000df800000)
 ParOldGen       total 61440K, used 17227K [0x0000000080000000, 0x0000000083c00000, 0x00000000d5580000)
  object space 61440K, 28% used [0x0000000080000000,0x00000000810d2e10,0x0000000083c00000)
 Metaspace       used 45463K, capacity 47200K, committed 47448K, reserved 1089536K
  class space    used 6147K, capacity 6515K, committed 6528K, reserved 1048576K
Event: 17.004 GC heap after
Heap after GC invocations=13 (full 2):
 PSYoungGen      total 166400K, used 12793K [0x00000000d5580000, 0x00000000e2280000, 0x0000000100000000)
  eden space 153600K, 0% used [0x00000000d5580000,0x00000000d5580000,0x00000000deb80000)
  from space 12800K, 99% used [0x00000000deb80000,0x00000000df7fe688,0x00000000df800000)
  to   space 15360K, 0% used [0x00000000e1380000,0x00000000e1380000,0x00000000e2280000)
 ParOldGen       total 61440K, used 19198K [0x0000000080000000, 0x0000000083c00000, 0x00000000d5580000)
  object space 61440K, 31% used [0x0000000080000000,0x00000000812bf828,0x0000000083c00000)
 Metaspace       used 45463K, capacity 47200K, committed 47448K, reserved 1089536K
  class space    used 6147K, capacity 6515K, committed 6528K, reserved 1048576K
}
Event: 20.818 GC heap before
{Heap before GC invocations=14 (full 2):
 PSYoungGen      total 166400K, used 155753K [0x00000000d5580000, 0x00000000e2280000, 0x0000000100000000)
  eden space 153600K, 93% used [0x00000000d5580000,0x00000000de11bf78,0x00000000deb80000)
  from space 12800K, 99% used [0x00000000deb80000,0x00000000df7fe688,0x00000000df800000)
  to   space 15360K, 0% used [0x00000000e1380000,0x00000000e1380000,0x00000000e2280000)
 ParOldGen       total 61440K, used 19198K [0x0000000080000000, 0x0000000083c00000, 0x00000000d5580000)
  object space 61440K, 31% used [0x0000000080000000,0x00000000812bf828,0x0000000083c00000)
 Metaspace       used 56850K, capacity 58898K, committed 59028K, reserved 1099776K
  class space    used 7691K, capacity 8099K, committed 8192K, reserved 1048576K
Event: 20.872 GC heap after
Heap after GC invocations=14 (full 2):
 PSYoungGen      total 188928K, used 15344K [0x00000000d5580000, 0x00000000e2f80000, 0x0000000100000000)
  eden space 173568K, 0% used [0x00000000d5580000,0x00000000d5580000,0x00000000dff00000)
  from space 15360K, 99% used [0x00000000e1380000,0x00000000e227c268,0x00000000e2280000)
  to   space 20992K, 0% used [0x00000000dff00000,0x00000000dff00000,0x00000000e1380000)
 ParOldGen       total 61440K, used 28398K [0x0000000080000000, 0x0000000083c00000, 0x00000000d5580000)
  object space 61440K, 46% used [0x0000000080000000,0x0000000081bbba40,0x0000000083c00000)
 Metaspace       used 56850K, capacity 58898K, committed 59028K, reserved 1099776K
  class space    used 7691K, capacity 8099K, committed 8192K, reserved 1048576K
}
Event: 20.872 GC heap before
{Heap before GC invocations=15 (full 3):
 PSYoungGen      total 188928K, used 15344K [0x00000000d5580000, 0x00000000e2f80000, 0x0000000100000000)
  eden space 173568K, 0% used [0x00000000d5580000,0x00000000d5580000,0x00000000dff00000)
  from space 15360K, 99% used [0x00000000e1380000,0x00000000e227c268,0x00000000e2280000)
  to   space 20992K, 0% used [0x00000000dff00000,0x00000000dff00000,0x00000000e1380000)
 ParOldGen       total 61440K, used 28398K [0x0000000080000000, 0x0000000083c00000, 0x00000000d5580000)
  object space 61440K, 46% used [0x0000000080000000,0x0000000081bbba40,0x0000000083c00000)
 Metaspace       used 56850K, capacity 58898K, committed 59028K, reserved 1099776K
  class space    used 7691K, capacity 8099K, committed 8192K, reserved 1048576K
Event: 21.192 GC heap after
Heap after GC invocations=15 (full 3):
 PSYoungGen      total 188928K, used 0K [0x00000000d5580000, 0x00000000e2f80000, 0x0000000100000000)
  eden space 173568K, 0% used [0x00000000d5580000,0x00000000d5580000,0x00000000dff00000)
  from space 15360K, 0% used [0x00000000e1380000,0x00000000e1380000,0x00000000e2280000)
  to   space 20992K, 0% used [0x00000000dff00000,0x00000000dff00000,0x00000000e1380000)
 ParOldGen       total 104448K, used 38769K [0x0000000080000000, 0x0000000086600000, 0x00000000d5580000)
  object space 104448K, 37% used [0x0000000080000000,0x00000000825dc6f0,0x0000000086600000)
 Metaspace       used 56841K, capacity 58868K, committed 59028K, reserved 1099776K
  class space    used 7688K, capacity 8094K, committed 8192K, reserved 1048576K
}
Event: 25.425 GC heap before
{Heap before GC invocations=16 (full 3):
 PSYoungGen      total 188928K, used 173568K [0x00000000d5580000, 0x00000000e2f80000, 0x0000000100000000)
  eden space 173568K, 100% used [0x00000000d5580000,0x00000000dff00000,0x00000000dff00000)
  from space 15360K, 0% used [0x00000000e1380000,0x00000000e1380000,0x00000000e2280000)
  to   space 20992K, 0% used [0x00000000dff00000,0x00000000dff00000,0x00000000e1380000)
 ParOldGen       total 104448K, used 38769K [0x0000000080000000, 0x0000000086600000, 0x00000000d5580000)
  object space 104448K, 37% used [0x0000000080000000,0x00000000825dc6f0,0x0000000086600000)
 Metaspace       used 64924K, capacity 67476K, committed 67800K, reserved 1107968K
  class space    used 8835K, capacity 9357K, committed 9472K, reserved 1048576K
Event: 25.455 GC heap after
Heap after GC invocations=16 (full 3):
 PSYoungGen      total 194560K, used 14414K [0x00000000d5580000, 0x00000000e2f80000, 0x0000000100000000)
  eden space 173568K, 0% used [0x00000000d5580000,0x00000000d5580000,0x00000000dff00000)
  from space 20992K, 68% used [0x00000000dff00000,0x00000000e0d13bc0,0x00000000e1380000)
  to   space 15360K, 0% used [0x00000000e1380000,0x00000000e1380000,0x00000000e2280000)
 ParOldGen       total 104448K, used 38777K [0x0000000080000000, 0x0000000086600000, 0x00000000d5580000)
  object space 104448K, 37% used [0x0000000080000000,0x00000000825de6f0,0x0000000086600000)
 Metaspace       used 64924K, capacity 67476K, committed 67800K, reserved 1107968K
  class space    used 8835K, capacity 9357K, committed 9472K, reserved 1048576K
}

Deoptimization events (10 events):
Event: 25.865 Thread 0x00000000198b1000 Uncommon trap: reason=unstable_if action=reinterpret pc=0x0000000003179510 method=java.util.concurrent.ConcurrentHashMap.addCount(JI)V @ 97
Event: 25.894 Thread 0x00000000198b2000 Uncommon trap: reason=unstable_if action=reinterpret pc=0x000000000246bdd4 method=java.util.concurrent.ConcurrentHashMap.addCount(JI)V @ 97
Event: 26.292 Thread 0x00000000189f1800 Uncommon trap: reason=bimorphic action=maybe_recompile pc=0x000000000305c480 method=java.util.regex.Pattern$5.isSatisfiedBy(I)Z @ 16
Event: 26.292 Thread 0x00000000189f1800 Uncommon trap: reason=bimorphic action=maybe_recompile pc=0x000000000305c480 method=java.util.regex.Pattern$5.isSatisfiedBy(I)Z @ 16
Event: 26.292 Thread 0x00000000189f1800 Uncommon trap: reason=bimorphic action=maybe_recompile pc=0x000000000305c480 method=java.util.regex.Pattern$5.isSatisfiedBy(I)Z @ 16
Event: 26.292 Thread 0x00000000189f1800 Uncommon trap: reason=bimorphic action=maybe_recompile pc=0x000000000305c480 method=java.util.regex.Pattern$5.isSatisfiedBy(I)Z @ 16
Event: 26.818 Thread 0x00000000189f1800 Uncommon trap: reason=unstable_if action=reinterpret pc=0x0000000002473b6c method=java.lang.reflect.Constructor.newInstance([Ljava/lang/Object;)Ljava/lang/Object; @ 18
Event: 26.919 Thread 0x00000000189f1800 Uncommon trap: reason=unstable_if action=reinterpret pc=0x00000000030c95a8 method=com.sun.org.apache.xerces.internal.impl.XMLEntityScanner.scanLiteral(ILcom/sun/org/apache/xerces/internal/xni/XMLString;Z)I @ 660
Event: 26.925 Thread 0x00000000189f1800 Uncommon trap: reason=unstable_if action=reinterpret pc=0x0000000002950338 method=com.sun.org.apache.xerces.internal.impl.XMLEntityScanner.peekChar()I @ 14
Event: 26.942 Thread 0x00000000189f1800 Uncommon trap: reason=unstable_if action=reinterpret pc=0x0000000002d54c8c method=java.lang.CharacterDataLatin1.digit(II)I @ 31

Classes redefined (0 events):
No events

Internal exceptions (10 events):
Event: 25.558 Thread 0x00000000198b0000 Exception <a 'java/lang/NoSuchMethodError': java.lang.Object.lambda$flatMap$1(Ljava/util/function/Function;Lorg/gradle/internal/Try;)Lorg/gradle/api/internal/artifacts/transform/CacheableInvocation;> (0x00000000d592edd0) thrown at [C:\src\AOSP-openjdk-git
Event: 25.558 Thread 0x00000000198b2000 Exception <a 'java/lang/NoSuchMethodError': java.lang.Object.lambda$flatMap$1(Ljava/util/function/Function;Lorg/gradle/internal/Try;)Lorg/gradle/api/internal/artifacts/transform/CacheableInvocation;> (0x00000000d59c8340) thrown at [C:\src\AOSP-openjdk-git
Event: 25.558 Thread 0x00000000198b0000 Exception <a 'java/lang/NoSuchMethodError': java.lang.Object.lambda$flatMap$4(Ljava/util/function/Function;)Lorg/gradle/api/internal/artifacts/transform/CacheableInvocation;> (0x00000000d5933200) thrown at [C:\src\AOSP-openjdk-git\hotspot\src\share\vm\int
Event: 25.559 Thread 0x00000000198b0000 Exception <a 'java/lang/NoSuchMethodError': java.lang.Object.lambda$flatMap$3(Ljava/util/function/Function;)Lorg/gradle/internal/Try;> (0x00000000d59380c0) thrown at [C:\src\AOSP-openjdk-git\hotspot\src\share\vm\interpreter\linkResolver.cpp, line 620]
Event: 25.559 Thread 0x00000000198b1000 Exception <a 'java/lang/NoSuchMethodError': java.lang.Object.lambda$flatMap$3(Ljava/util/function/Function;)Lorg/gradle/internal/Try;> (0x00000000d5de9cf0) thrown at [C:\src\AOSP-openjdk-git\hotspot\src\share\vm\interpreter\linkResolver.cpp, line 620]
Event: 25.559 Thread 0x00000000198ab800 Exception <a 'java/lang/NoSuchMethodError': java.lang.Object.lambda$flatMap$3(Ljava/util/function/Function;)Lorg/gradle/internal/Try;> (0x00000000d5e53f80) thrown at [C:\src\AOSP-openjdk-git\hotspot\src\share\vm\interpreter\linkResolver.cpp, line 620]
Event: 25.773 Thread 0x00000000198b2000 Exception <a 'java/lang/NoSuchMethodError': java.lang.Object.lambda$flatMap$2(Ljava/util/function/Function;Ljava/lang/Object;)Lorg/gradle/internal/Try;> (0x00000000d69d19e8) thrown at [C:\src\AOSP-openjdk-git\hotspot\src\share\vm\interpreter\linkResolver.
Event: 25.773 Thread 0x00000000198ab800 Exception <a 'java/lang/NoSuchMethodError': java.lang.Object.lambda$flatMap$2(Ljava/util/function/Function;Ljava/lang/Object;)Lorg/gradle/internal/Try;> (0x00000000d6a2a178) thrown at [C:\src\AOSP-openjdk-git\hotspot\src\share\vm\interpreter\linkResolver.
Event: 26.335 Thread 0x00000000189f1800 Exception <a 'java/lang/ClassNotFoundException': com/sun/org/glassfish/hk2/osgiresourcelocator/ServiceLoader> (0x00000000d7feb828) thrown at [C:\src\AOSP-openjdk-git\hotspot\src\share\vm\classfile\systemDictionary.cpp, line 210]
Event: 26.412 Thread 0x00000000189f1800 Exception <a 'java/lang/NullPointerException'> (0x00000000d850d0f8) thrown at [C:\src\AOSP-openjdk-git\hotspot\src\share\vm\interpreter\linkResolver.cpp, line 1287]

Events (10 events):
Event: 26.936 loading class com/sun/xml/bind/DatatypeConverterImpl done
Event: 26.938 loading class javax/xml/bind/DatatypeConverterInterface
Event: 26.939 loading class javax/xml/bind/DatatypeConverterInterface done
Event: 26.940 loading class javax/xml/datatype/DatatypeConfigurationException
Event: 26.941 loading class javax/xml/datatype/DatatypeConfigurationException done
Event: 26.942 Thread 0x00000000189f1800 Uncommon trap: trap_request=0xffffff65 fr.pc=0x0000000002d54c8c
Event: 26.942 Thread 0x00000000189f1800 DEOPT PACKING pc=0x0000000002d54c8c sp=0x000000001c5376d0
Event: 26.942 Thread 0x00000000189f1800 DEOPT UNPACKING pc=0x00000000022a557b sp=0x000000001c5374b0 mode 2
Event: 26.944 loading class com/sun/xml/bind/v2/runtime/unmarshaller/DefaultIDResolver$1
Event: 26.944 loading class com/sun/xml/bind/v2/runtime/unmarshaller/DefaultIDResolver$1 done


Dynamic libraries:
0x00007ff6fe8a0000 - 0x00007ff6fe8d1000 	C:\Program Files\Android\Android Studio\jre\bin\java.exe
0x00007ffaaa3d0000 - 0x00007ffaaa5c5000 	C:\WINDOWS\SYSTEM32\ntdll.dll
0x00007ffaaa190000 - 0x00007ffaaa24d000 	C:\WINDOWS\System32\KERNEL32.DLL
0x00007ffaa7d50000 - 0x00007ffaa8018000 	C:\WINDOWS\System32\KERNELBASE.dll
0x00007ffaa8d90000 - 0x00007ffaa8e3c000 	C:\WINDOWS\System32\ADVAPI32.dll
0x00007ffaaa250000 - 0x00007ffaaa2ee000 	C:\WINDOWS\System32\msvcrt.dll
0x00007ffaaa2f0000 - 0x00007ffaaa38b000 	C:\WINDOWS\System32\sechost.dll
0x00007ffaa8900000 - 0x00007ffaa8a2b000 	C:\WINDOWS\System32\RPCRT4.dll
0x00007ffaa9310000 - 0x00007ffaa94b0000 	C:\WINDOWS\System32\USER32.dll
0x00007ffaa7b10000 - 0x00007ffaa7b32000 	C:\WINDOWS\System32\win32u.dll
0x00007ffaa9940000 - 0x00007ffaa996a000 	C:\WINDOWS\System32\GDI32.dll
0x00007ffaa81a0000 - 0x00007ffaa82ab000 	C:\WINDOWS\System32\gdi32full.dll
0x00007ffaa8310000 - 0x00007ffaa83ad000 	C:\WINDOWS\System32\msvcp_win.dll
0x00007ffaa8070000 - 0x00007ffaa8170000 	C:\WINDOWS\System32\ucrtbase.dll
0x00007ffa996a0000 - 0x00007ffa9993a000 	C:\WINDOWS\WinSxS\amd64_microsoft.windows.common-controls_6595b64144ccf1df_6.0.19041.844_none_ca00b6081b84eb1d\COMCTL32.dll
0x00007ffaa92e0000 - 0x00007ffaa9310000 	C:\WINDOWS\System32\IMM32.DLL
0x0000000055bf0000 - 0x0000000055cc2000 	C:\Program Files\Android\Android Studio\jre\jre\bin\msvcr100.dll
0x00000000549a0000 - 0x00000000551eb000 	C:\Program Files\Android\Android Studio\jre\jre\bin\server\jvm.dll
0x00007ffaaa180000 - 0x00007ffaaa188000 	C:\WINDOWS\System32\PSAPI.DLL
0x00007ffaa3750000 - 0x00007ffaa3759000 	C:\WINDOWS\SYSTEM32\WSOCK32.dll
0x00007ffaa9270000 - 0x00007ffaa92db000 	C:\WINDOWS\System32\WS2_32.dll
0x00007ffa9a150000 - 0x00007ffa9a177000 	C:\WINDOWS\SYSTEM32\WINMM.dll
0x00007ffa975c0000 - 0x00007ffa975ca000 	C:\WINDOWS\SYSTEM32\VERSION.dll
0x00007ffaa0590000 - 0x00007ffaa059f000 	C:\Program Files\Android\Android Studio\jre\jre\bin\verify.dll
0x00007ffaa0560000 - 0x00007ffaa0589000 	C:\Program Files\Android\Android Studio\jre\jre\bin\java.dll
0x00007ffa9b050000 - 0x00007ffa9b066000 	C:\Program Files\Android\Android Studio\jre\jre\bin\zip.dll
0x00007ffaa9970000 - 0x00007ffaaa0b2000 	C:\WINDOWS\System32\SHELL32.dll
0x00007ffaa5c60000 - 0x00007ffaa63f0000 	C:\WINDOWS\SYSTEM32\windows.storage.dll
0x00007ffaa8a30000 - 0x00007ffaa8d85000 	C:\WINDOWS\System32\combase.dll
0x00007ffaa7510000 - 0x00007ffaa753c000 	C:\WINDOWS\SYSTEM32\Wldp.dll
0x00007ffaaa0d0000 - 0x00007ffaaa17e000 	C:\WINDOWS\System32\SHCORE.dll
0x00007ffaa9130000 - 0x00007ffaa9185000 	C:\WINDOWS\System32\shlwapi.dll
0x00007ffaa7a50000 - 0x00007ffaa7a6f000 	C:\WINDOWS\SYSTEM32\profapi.dll
0x00007ffa91760000 - 0x00007ffa9177a000 	C:\Program Files\Android\Android Studio\jre\jre\bin\net.dll
0x00007ffaa7280000 - 0x00007ffaa72ea000 	C:\WINDOWS\system32\mswsock.dll
0x00007ffa90ff0000 - 0x00007ffa91003000 	C:\Program Files\Android\Android Studio\jre\jre\bin\nio.dll
0x00007ffa8f6e0000 - 0x00007ffa8f706000 	C:\Users\LENOVO\.gradle\native\31\windows-amd64\native-platform.dll
0x00007ffa9cf30000 - 0x00007ffa9cf3d000 	C:\Program Files\Android\Android Studio\jre\jre\bin\management.dll
0x00007ffaa7460000 - 0x00007ffaa7478000 	C:\WINDOWS\SYSTEM32\CRYPTSP.dll
0x00007ffaa6c20000 - 0x00007ffaa6c54000 	C:\WINDOWS\system32\rsaenh.dll
0x00007ffaa8170000 - 0x00007ffaa8197000 	C:\WINDOWS\System32\bcrypt.dll
0x00007ffaa7a10000 - 0x00007ffaa7a3e000 	C:\WINDOWS\SYSTEM32\USERENV.dll
0x00007ffaa83b0000 - 0x00007ffaa8430000 	C:\WINDOWS\System32\bcryptprimitives.dll
0x00007ffaa7450000 - 0x00007ffaa745c000 	C:\WINDOWS\SYSTEM32\CRYPTBASE.dll
0x00007ffaa6f70000 - 0x00007ffaa6fab000 	C:\WINDOWS\SYSTEM32\IPHLPAPI.DLL
0x00007ffaaa0c0000 - 0x00007ffaaa0c8000 	C:\WINDOWS\System32\NSI.dll
0x00007ffa9ef70000 - 0x00007ffa9ef87000 	C:\WINDOWS\SYSTEM32\dhcpcsvc6.DLL
0x00007ffa9f220000 - 0x00007ffa9f23d000 	C:\WINDOWS\SYSTEM32\dhcpcsvc.DLL
0x00007ffaa6fb0000 - 0x00007ffaa707c000 	C:\WINDOWS\SYSTEM32\DNSAPI.dll

VM Arguments:
jvm_args: -Xmx2048m -Dfile.encoding=windows-1252 -Duser.country=ID -Duser.language=en -Duser.variant 
java_command: org.gradle.launcher.daemon.bootstrap.GradleDaemon 6.1.1
java_class_path (initial): C:\Users\LENOVO\.gradle\wrapper\dists\gradle-6.1.1-all\cfmwm155h49vnt3hynmlrsdst\gradle-6.1.1\lib\gradle-launcher-6.1.1.jar
Launcher Type: SUN_STANDARD

Environment Variables:
PATH=C:\ProgramData\Oracle\Java\javapath;C:\WINDOWS\system32;C:\WINDOWS;C:\WINDOWS\System32\Wbem;C:\WINDOWS\System32\WindowsPowerShell\v1.0\;C:\WINDOWS\System32\OpenSSH\;C:\Program Files (x86)\Microsoft SQL Server\100\Tools\Binn\;C:\Program Files\Microsoft SQL Server\100\Tools\Binn\;C:\Program Files\Microsoft SQL Server\100\DTS\Binn\;C:\Program Files\Git\cmd;C:\Users\LENOVO\AppData\Local\Microsoft\WindowsApps;;C:\Users\LENOVO\AppData\Local\Programs\Microsoft VS Code\bin
USERNAME=LENOVO
OS=Windows_NT
PROCESSOR_IDENTIFIER=Intel64 Family 6 Model 58 Stepping 9, GenuineIntel



---------------  S Y S T E M  ---------------

OS: Windows 10.0 , 64 bit Build 19041 (10.0.19041.928)

CPU:total 4 (initial active 4) (2 cores per cpu, 2 threads per core) family 6 model 58 stepping 9, cmov, cx8, fxsr, mmx, sse, sse2, sse3, ssse3, sse4.1, sse4.2, popcnt, avx, aes, clmul, erms, ht, tsc, tscinvbit, tscinv

Memory: 4k page, physical 3862632k(501284k free), swap 7374576k(6080k free)

vm_info: OpenJDK 64-Bit Server VM (25.242-b01) for windows-amd64 JRE (1.8.0_242-release-1644-b01), built by "builder" with MS VC++ 10.0 (VS2010)

time: Wed Jun 23 11:11:24 2021
timezone: SE Asia Standard Time
elapsed time: 26 seconds (0d 0h 0m 26s)

