#
# There is insufficient memory for the Java Runtime Environment to continue.
# Native memory allocation (malloc) failed to allocate 66576 bytes for Chunk::new
# Possible reasons:
#   The system is out of physical RAM or swap space
#   The process is running with CompressedOops enabled, and the Java Heap may be blocking the growth of the native heap
# Possible solutions:
#   Reduce memory load on the system
#   Increase physical memory or swap space
#   Check if swap backing store is full
#   Decrease Java heap size (-Xmx/-Xms)
#   Decrease number of Java threads
#   Decrease Java thread stack sizes (-Xss)
#   Set larger code cache with -XX:ReservedCodeCacheSize=
#   JVM is running with Unscaled Compressed Oops mode in which the Java heap is
#     placed in the first 4GB address space. The Java Heap base address is the
#     maximum limit for the native heap growth. Please use -XX:HeapBaseMinAddress
#     to set the Java Heap base and to place the Java Heap above 4GB virtual address.
# This output file may be truncated or incomplete.
#
#  Out of Memory Error (allocation.cpp:389), pid=1692, tid=0x0000000000002f94
#
# JRE version: OpenJDK Runtime Environment (8.0_242-b01) (build 1.8.0_242-release-1644-b01)
# Java VM: OpenJDK 64-Bit Server VM (25.242-b01 mixed mode windows-amd64 compressed oops)
# Failed to write core dump. Minidumps are not enabled by default on client versions of Windows
#

---------------  T H R E A D  ---------------

Current thread (0x0000000016f07800):  JavaThread "C2 CompilerThread0" daemon [_thread_in_native, id=12180, stack(0x0000000018560000,0x0000000018660000)]

Stack: [0x0000000018560000,0x0000000018660000]
[error occurred during error reporting (printing stack bounds), id 0xc0000005]

Native frames: (J=compiled Java code, j=interpreted, Vv=VM code, C=native code)


Current CompileTask:
C2:  15775 5409   !   4       java.net.URLClassLoader::definePackageInternal (81 bytes)


---------------  P R O C E S S  ---------------

Java Threads: ( => current thread )
  0x000000001d1eb800 JavaThread "Cache worker for file content cache (C:\Users\LENOVO\Documents\app kotlin\2018c\dataBarang\.gradle\6.1.1\fileContent)" [_thread_blocked, id=10764, stack(0x0000000024010000,0x0000000024110000)]
  0x000000001d1e3000 JavaThread "Cache worker for file content cache (C:\Users\LENOVO\.gradle\caches\6.1.1\fileContent)" [_thread_blocked, id=7276, stack(0x0000000023cc0000,0x0000000023dc0000)]
  0x000000001d1ea000 JavaThread "Memory manager" [_thread_blocked, id=5384, stack(0x0000000022eb0000,0x0000000022fb0000)]
  0x000000001d1e2800 JavaThread "Cache worker for Build Output Cleanup Cache (C:\Users\LENOVO\Documents\app kotlin\2018c\dataBarang\.gradle\buildOutputCleanup)" [_thread_blocked, id=6768, stack(0x0000000021910000,0x0000000021a10000)]
  0x000000001d1e9000 JavaThread "pool-1-thread-1" [_thread_blocked, id=8688, stack(0x0000000022fc0000,0x00000000230c0000)]
  0x000000001d1e7000 JavaThread "Build operations Thread 4" [_thread_blocked, id=1068, stack(0x00000000215f0000,0x00000000216f0000)]
  0x000000001d1e8800 JavaThread "Build operations Thread 3" [_thread_blocked, id=1232, stack(0x00000000214f0000,0x00000000215f0000)]
  0x000000001d1e7800 JavaThread "Build operations Thread 2" [_thread_blocked, id=9428, stack(0x00000000213f0000,0x00000000214f0000)]
  0x000000001d1e5800 JavaThread "Build operations" [_thread_blocked, id=8476, stack(0x0000000020ce0000,0x0000000020de0000)]
  0x000000001aa3c000 JavaThread "Cache worker for execution history cache (C:\Users\LENOVO\.gradle\caches\6.1.1\executionHistory)" [_thread_blocked, id=8604, stack(0x0000000020350000,0x0000000020450000)]
  0x000000001aa40800 JavaThread "Cache worker for cache directory md-rule (C:\Users\LENOVO\.gradle\caches\6.1.1\md-rule)" [_thread_blocked, id=5628, stack(0x000000001f220000,0x000000001f320000)]
  0x000000001aa3c800 JavaThread "Cache worker for cache directory md-supplier (C:\Users\LENOVO\.gradle\caches\6.1.1\md-supplier)" [_thread_blocked, id=2220, stack(0x000000001ef20000,0x000000001f020000)]
  0x000000001aa3e000 JavaThread "Cache worker for file hash cache (C:\Users\LENOVO\Documents\app kotlin\2018c\dataBarang\.gradle\6.1.1\fileHashes)" [_thread_blocked, id=7548, stack(0x00000000207e0000,0x00000000208e0000)]
  0x000000001aa42000 JavaThread "Cache worker for checksums cache (C:\Users\LENOVO\Documents\app kotlin\2018c\dataBarang\.gradle\checksums)" [_thread_blocked, id=9120, stack(0x00000000206e0000,0x00000000207e0000)]
  0x000000001aa3f800 JavaThread "Cache worker for file hash cache (C:\Users\LENOVO\.gradle\caches\6.1.1\fileHashes)" [_thread_blocked, id=5888, stack(0x000000001cc80000,0x000000001cd80000)]
  0x000000001aa3f000 JavaThread "File lock request listener" [_thread_in_native, id=11124, stack(0x000000001cb80000,0x000000001cc80000)]
  0x000000001aa39800 JavaThread "Cache worker for journal cache (C:\Users\LENOVO\.gradle\caches\journal-1)" [_thread_blocked, id=5820, stack(0x000000001ca80000,0x000000001cb80000)]
  0x000000001a929000 JavaThread "Thread-9" [_thread_blocked, id=7016, stack(0x000000001c780000,0x000000001c880000)]
  0x000000001a921800 JavaThread "Stdin handler" [_thread_blocked, id=8324, stack(0x000000001c680000,0x000000001c780000)]
  0x000000001a91e800 JavaThread "Asynchronous log dispatcher for DefaultDaemonConnection: socket connection from /127.0.0.1:51753 to /127.0.0.1:51754" [_thread_blocked, id=10504, stack(0x000000001c580000,0x000000001c680000)]
  0x000000001a91b800 JavaThread "Daemon worker" [_thread_in_native, id=7128, stack(0x000000001c480000,0x000000001c580000)]
  0x000000001a91a000 JavaThread "Cancel handler" [_thread_blocked, id=6516, stack(0x000000001c380000,0x000000001c480000)]
  0x000000001a8fa000 JavaThread "Handler for socket connection from /127.0.0.1:51753 to /127.0.0.1:51754" [_thread_in_native, id=5676, stack(0x000000001c080000,0x000000001c180000)]
  0x00000000190cb800 JavaThread "Daemon" [_thread_blocked, id=10796, stack(0x000000001bf80000,0x000000001c080000)]
  0x000000001a894800 JavaThread "Daemon periodic checks" [_thread_blocked, id=1936, stack(0x000000001be80000,0x000000001bf80000)]
  0x000000001a893000 JavaThread "Incoming local TCP Connector on port 51753" [_thread_in_native, id=5320, stack(0x000000001bc40000,0x000000001bd40000)]
  0x000000001a7de000 JavaThread "Daemon health stats" [_thread_blocked, id=2952, stack(0x000000001b600000,0x000000001b700000)]
  0x0000000016f5d800 JavaThread "Service Thread" daemon [_thread_blocked, id=6964, stack(0x0000000018c60000,0x0000000018d60000)]
  0x0000000016f12000 JavaThread "C1 CompilerThread2" daemon [_thread_blocked, id=1604, stack(0x0000000018760000,0x0000000018860000)]
  0x0000000016f0a000 JavaThread "C2 CompilerThread1" daemon [_thread_in_native, id=1320, stack(0x0000000018660000,0x0000000018760000)]
=>0x0000000016f07800 JavaThread "C2 CompilerThread0" daemon [_thread_in_native, id=12180, stack(0x0000000018560000,0x0000000018660000)]
  0x0000000016f06000 JavaThread "Attach Listener" daemon [_thread_blocked, id=9936, stack(0x0000000018460000,0x0000000018560000)]
  0x0000000016f04800 JavaThread "Signal Dispatcher" daemon [_thread_blocked, id=2520, stack(0x0000000018360000,0x0000000018460000)]
  0x00000000022db000 JavaThread "Finalizer" daemon [_thread_blocked, id=10308, stack(0x0000000018150000,0x0000000018250000)]
  0x0000000016ee9000 JavaThread "Reference Handler" daemon [_thread_blocked, id=9096, stack(0x0000000018050000,0x0000000018150000)]
  0x00000000020dd800 JavaThread "main" [_thread_blocked, id=8364, stack(0x00000000020e0000,0x00000000021e0000)]

Other Threads:
  0x0000000016ec6000 VMThread [stack: 0x0000000017f50000,0x0000000018050000] [id=11648]
  0x0000000016f5e800 WatcherThread [stack: 0x0000000018d60000,0x0000000018e60000] [id=6804]

VM state:not at safepoint (normal execution)

VM Mutex/Monitor currently owned by a thread: None

heap address: 0x0000000080000000, size: 2048 MB, Compressed Oops mode: 32-bit
Narrow klass base: 0x0000000000000000, Narrow klass shift: 3
Compressed class space size: 1073741824 Address: 0x0000000100000000

Heap:
 PSYoungGen      total 247296K, used 4371K [0x00000000d5580000, 0x00000000e6700000, 0x0000000100000000)
  eden space 227328K, 1% used [0x00000000d5580000,0x00000000d59c4f98,0x00000000e3380000)
  from space 19968K, 0% used [0x00000000e4a80000,0x00000000e4a80000,0x00000000e5e00000)
  to   space 23552K, 0% used [0x00000000e3380000,0x00000000e3380000,0x00000000e4a80000)
 ParOldGen       total 92672K, used 34047K [0x0000000080000000, 0x0000000085a80000, 0x00000000d5580000)
  object space 92672K, 36% used [0x0000000080000000,0x000000008213fc60,0x0000000085a80000)
 Metaspace       used 57491K, capacity 59345K, committed 59416K, reserved 1099776K
  class space    used 7792K, capacity 8220K, committed 8240K, reserved 1048576K

Card table byte_map: [0x00000000116a0000,0x0000000011ab0000] byte_map_base: 0x00000000112a0000

Marking Bits: (ParMarkBitMap*) 0x000000005516f030
 Begin Bits: [0x0000000012160000, 0x0000000014160000)
 End Bits:   [0x0000000014160000, 0x0000000016160000)

Polling page: 0x0000000002070000

CodeCache: size=245760Kb used=17093Kb max_used=17241Kb free=228666Kb
 bounds [0x00000000022e0000, 0x00000000033d0000, 0x00000000112e0000]
 total_blobs=5763 nmethods=4984 adapters=692
 compilation: enabled

Compilation events (10 events):
Event: 15.748 Thread 0x0000000016f07800 5409   !   4       java.net.URLClassLoader::definePackageInternal (81 bytes)
Event: 15.751 Thread 0x0000000016f12000 5410       3       java.util.regex.Matcher::find (35 bytes)
Event: 15.752 Thread 0x0000000016f12000 nmethod 5410 0x0000000002ce6390 code [0x0000000002ce6540, 0x0000000002ce6ad8]
Event: 15.752 Thread 0x0000000016f0a000 5411   !   4       java.net.URL::<init> (543 bytes)
Event: 15.759 Thread 0x0000000016f12000 5413  s    3       java.util.Hashtable::containsKey (65 bytes)
Event: 15.760 Thread 0x0000000016f12000 nmethod 5413 0x000000000273f7d0 code [0x000000000273f960, 0x000000000273ff98]
Event: 15.760 Thread 0x0000000016f12000 5414       3       java.util.logging.LogManager$LoggerContext::requiresDefaultLoggers (29 bytes)
Event: 15.761 Thread 0x0000000016f12000 nmethod 5414 0x0000000002cf4fd0 code [0x0000000002cf5140, 0x0000000002cf5568]
Event: 15.762 Thread 0x0000000016f12000 5415       3       java.util.logging.LogManager::access$100 (4 bytes)
Event: 15.762 Thread 0x0000000016f12000 nmethod 5415 0x0000000002bd5190 code [0x0000000002bd52e0, 0x0000000002bd5410]

GC Heap History (10 events):
Event: 8.821 GC heap before
{Heap before GC invocations=9 (full 1):
 PSYoungGen      total 132096K, used 72599K [0x00000000d5580000, 0x00000000e2580000, 0x0000000100000000)
  eden space 121856K, 51% used [0x00000000d5580000,0x00000000d9269c78,0x00000000dcc80000)
  from space 10240K, 99% used [0x00000000dcc80000,0x00000000dd67bfd8,0x00000000dd680000)
  to   space 13312K, 0% used [0x00000000e1880000,0x00000000e1880000,0x00000000e2580000)
 ParOldGen       total 38912K, used 12913K [0x0000000080000000, 0x0000000082600000, 0x00000000d5580000)
  object space 38912K, 33% used [0x0000000080000000,0x0000000080c9c610,0x0000000082600000)
 Metaspace       used 34503K, capacity 35383K, committed 35496K, reserved 1079296K
  class space    used 4702K, capacity 4912K, committed 4912K, reserved 1048576K
Event: 8.837 GC heap after
Heap after GC invocations=9 (full 1):
 PSYoungGen      total 198656K, used 10665K [0x00000000d5580000, 0x00000000e2a00000, 0x0000000100000000)
  eden space 185344K, 0% used [0x00000000d5580000,0x00000000d5580000,0x00000000e0a80000)
  from space 13312K, 80% used [0x00000000e1880000,0x00000000e22ea588,0x00000000e2580000)
  to   space 14336K, 0% used [0x00000000e0a80000,0x00000000e0a80000,0x00000000e1880000)
 ParOldGen       total 38912K, used 12921K [0x0000000080000000, 0x0000000082600000, 0x00000000d5580000)
  object space 38912K, 33% used [0x0000000080000000,0x0000000080c9e610,0x0000000082600000)
 Metaspace       used 34503K, capacity 35383K, committed 35496K, reserved 1079296K
  class space    used 4702K, capacity 4912K, committed 4912K, reserved 1048576K
}
Event: 8.837 GC heap before
{Heap before GC invocations=10 (full 2):
 PSYoungGen      total 198656K, used 10665K [0x00000000d5580000, 0x00000000e2a00000, 0x0000000100000000)
  eden space 185344K, 0% used [0x00000000d5580000,0x00000000d5580000,0x00000000e0a80000)
  from space 13312K, 80% used [0x00000000e1880000,0x00000000e22ea588,0x00000000e2580000)
  to   space 14336K, 0% used [0x00000000e0a80000,0x00000000e0a80000,0x00000000e1880000)
 ParOldGen       total 38912K, used 12921K [0x0000000080000000, 0x0000000082600000, 0x00000000d5580000)
  object space 38912K, 33% used [0x0000000080000000,0x0000000080c9e610,0x0000000082600000)
 Metaspace       used 34503K, capacity 35383K, committed 35496K, reserved 1079296K
  class space    used 4702K, capacity 4912K, committed 4912K, reserved 1048576K
Event: 8.918 GC heap after
Heap after GC invocations=10 (full 2):
 PSYoungGen      total 198656K, used 0K [0x00000000d5580000, 0x00000000e2a00000, 0x0000000100000000)
  eden space 185344K, 0% used [0x00000000d5580000,0x00000000d5580000,0x00000000e0a80000)
  from space 13312K, 0% used [0x00000000e1880000,0x00000000e1880000,0x00000000e2580000)
  to   space 14336K, 0% used [0x00000000e0a80000,0x00000000e0a80000,0x00000000e1880000)
 ParOldGen       total 58880K, used 17089K [0x0000000080000000, 0x0000000083980000, 0x00000000d5580000)
  object space 58880K, 29% used [0x0000000080000000,0x00000000810b0420,0x0000000083980000)
 Metaspace       used 34503K, capacity 35383K, committed 35496K, reserved 1079296K
  class space    used 4702K, capacity 4912K, committed 4912K, reserved 1048576K
}
Event: 13.291 GC heap before
{Heap before GC invocations=11 (full 2):
 PSYoungGen      total 198656K, used 185344K [0x00000000d5580000, 0x00000000e2a00000, 0x0000000100000000)
  eden space 185344K, 100% used [0x00000000d5580000,0x00000000e0a80000,0x00000000e0a80000)
  from space 13312K, 0% used [0x00000000e1880000,0x00000000e1880000,0x00000000e2580000)
  to   space 14336K, 0% used [0x00000000e0a80000,0x00000000e0a80000,0x00000000e1880000)
 ParOldGen       total 58880K, used 17089K [0x0000000080000000, 0x0000000083980000, 0x00000000d5580000)
  object space 58880K, 29% used [0x0000000080000000,0x00000000810b0420,0x0000000083980000)
 Metaspace       used 50984K, capacity 52491K, committed 52784K, reserved 1095680K
  class space    used 6771K, capacity 7096K, committed 7216K, reserved 1048576K
Event: 13.327 GC heap after
Heap after GC invocations=11 (full 2):
 PSYoungGen      total 199680K, used 14317K [0x00000000d5580000, 0x00000000e5e00000, 0x0000000100000000)
  eden space 185344K, 0% used [0x00000000d5580000,0x00000000d5580000,0x00000000e0a80000)
  from space 14336K, 99% used [0x00000000e0a80000,0x00000000e187b5d8,0x00000000e1880000)
  to   space 19968K, 0% used [0x00000000e4a80000,0x00000000e4a80000,0x00000000e5e00000)
 ParOldGen       total 58880K, used 25106K [0x0000000080000000, 0x0000000083980000, 0x00000000d5580000)
  object space 58880K, 42% used [0x0000000080000000,0x0000000081884810,0x0000000083980000)
 Metaspace       used 50984K, capacity 52491K, committed 52784K, reserved 1095680K
  class space    used 6771K, capacity 7096K, committed 7216K, reserved 1048576K
}
Event: 15.377 GC heap before
{Heap before GC invocations=12 (full 2):
 PSYoungGen      total 199680K, used 105126K [0x00000000d5580000, 0x00000000e5e00000, 0x0000000100000000)
  eden space 185344K, 48% used [0x00000000d5580000,0x00000000dae2e5e8,0x00000000e0a80000)
  from space 14336K, 99% used [0x00000000e0a80000,0x00000000e187b5d8,0x00000000e1880000)
  to   space 19968K, 0% used [0x00000000e4a80000,0x00000000e4a80000,0x00000000e5e00000)
 ParOldGen       total 58880K, used 25106K [0x0000000080000000, 0x0000000083980000, 0x00000000d5580000)
  object space 58880K, 42% used [0x0000000080000000,0x0000000081884810,0x0000000083980000)
 Metaspace       used 57225K, capacity 59061K, committed 59160K, reserved 1099776K
  class space    used 7737K, capacity 8162K, committed 8240K, reserved 1048576K
Event: 15.409 GC heap after
Heap after GC invocations=12 (full 2):
 PSYoungGen      total 247296K, used 19951K [0x00000000d5580000, 0x00000000e6700000, 0x0000000100000000)
  eden space 227328K, 0% used [0x00000000d5580000,0x00000000d5580000,0x00000000e3380000)
  from space 19968K, 99% used [0x00000000e4a80000,0x00000000e5dfbf48,0x00000000e5e00000)
  to   space 23552K, 0% used [0x00000000e3380000,0x00000000e3380000,0x00000000e4a80000)
 ParOldGen       total 58880K, used 25959K [0x0000000080000000, 0x0000000083980000, 0x00000000d5580000)
  object space 58880K, 44% used [0x0000000080000000,0x0000000081959e90,0x0000000083980000)
 Metaspace       used 57225K, capacity 59061K, committed 59160K, reserved 1099776K
  class space    used 7737K, capacity 8162K, committed 8240K, reserved 1048576K
}
Event: 15.409 GC heap before
{Heap before GC invocations=13 (full 3):
 PSYoungGen      total 247296K, used 19951K [0x00000000d5580000, 0x00000000e6700000, 0x0000000100000000)
  eden space 227328K, 0% used [0x00000000d5580000,0x00000000d5580000,0x00000000e3380000)
  from space 19968K, 99% used [0x00000000e4a80000,0x00000000e5dfbf48,0x00000000e5e00000)
  to   space 23552K, 0% used [0x00000000e3380000,0x00000000e3380000,0x00000000e4a80000)
 ParOldGen       total 58880K, used 25959K [0x0000000080000000, 0x0000000083980000, 0x00000000d5580000)
  object space 58880K, 44% used [0x0000000080000000,0x0000000081959e90,0x0000000083980000)
 Metaspace       used 57225K, capacity 59061K, committed 59160K, reserved 1099776K
  class space    used 7737K, capacity 8162K, committed 8240K, reserved 1048576K
Event: 15.708 GC heap after
Heap after GC invocations=13 (full 3):
 PSYoungGen      total 247296K, used 0K [0x00000000d5580000, 0x00000000e6700000, 0x0000000100000000)
  eden space 227328K, 0% used [0x00000000d5580000,0x00000000d5580000,0x00000000e3380000)
  from space 19968K, 0% used [0x00000000e4a80000,0x00000000e4a80000,0x00000000e5e00000)
  to   space 23552K, 0% used [0x00000000e3380000,0x00000000e3380000,0x00000000e4a80000)
 ParOldGen       total 92672K, used 34047K [0x0000000080000000, 0x0000000085a80000, 0x00000000d5580000)
  object space 92672K, 36% used [0x0000000080000000,0x000000008213fc60,0x0000000085a80000)
 Metaspace       used 57214K, capacity 59025K, committed 59160K, reserved 1099776K
  class space    used 7733K, capacity 8156K, committed 8240K, reserved 1048576K
}

Deoptimization events (10 events):
Event: 15.041 Thread 0x000000001a91b800 Uncommon trap: reason=unstable_if action=reinterpret pc=0x00000000031b5230 method=java.lang.String.regionMatches(ZILjava/lang/String;II)Z @ 58
Event: 15.123 Thread 0x000000001a91b800 Uncommon trap: reason=unstable_if action=reinterpret pc=0x0000000002621a78 method=sun.nio.fs.WindowsPathParser.isSlash(C)Z @ 9
Event: 15.135 Thread 0x000000001a91b800 Uncommon trap: reason=unstable_if action=reinterpret pc=0x0000000002e24334 method=com.esotericsoftware.kryo.io.Input.readString()Ljava/lang/String; @ 28
Event: 15.136 Thread 0x000000001a91b800 Uncommon trap: reason=unstable_if action=reinterpret pc=0x0000000002d28e38 method=com.esotericsoftware.kryo.io.Input.require(I)I @ 65
Event: 15.177 Thread 0x000000001a91b800 Uncommon trap: reason=unstable_if action=reinterpret pc=0x000000000306ba54 method=java.util.TreeMap.put(Ljava/lang/Object;Ljava/lang/Object;)Ljava/lang/Object; @ 163
Event: 15.237 Thread 0x000000001a91b800 Uncommon trap: reason=predicate action=maybe_recompile pc=0x00000000033934fc method=java.util.AbstractCollection.toArray([Ljava/lang/Object;)[Ljava/lang/Object; @ 49
Event: 15.714 Thread 0x000000001a91b800 Uncommon trap: reason=bimorphic action=maybe_recompile pc=0x00000000031e4204 method=java.util.regex.Pattern$5.isSatisfiedBy(I)Z @ 16
Event: 15.714 Thread 0x000000001a91b800 Uncommon trap: reason=bimorphic action=maybe_recompile pc=0x00000000031e4204 method=java.util.regex.Pattern$5.isSatisfiedBy(I)Z @ 16
Event: 15.714 Thread 0x000000001a91b800 Uncommon trap: reason=bimorphic action=maybe_recompile pc=0x00000000031e4204 method=java.util.regex.Pattern$5.isSatisfiedBy(I)Z @ 16
Event: 15.714 Thread 0x000000001a91b800 Uncommon trap: reason=bimorphic action=maybe_recompile pc=0x00000000031e4204 method=java.util.regex.Pattern$5.isSatisfiedBy(I)Z @ 16

Classes redefined (0 events):
No events

Internal exceptions (10 events):
Event: 13.558 Thread 0x000000001a91b800 Exception <a 'java/lang/ClassNotFoundException': org/gradle/api/plugins/internal/DefaultJavaPluginConventionCustomizer> (0x00000000d69ae988) thrown at [C:\src\AOSP-openjdk-git\hotspot\src\share\vm\classfile\systemDictionary.cpp, line 210]
Event: 13.811 Thread 0x000000001a91b800 Exception <a 'java/lang/NoSuchMethodError': java.lang.Object.lambda$comparingInt$7b0bb60$1(Ljava/util/function/ToIntFunction;Ljava/lang/Object;Ljava/lang/Object;)I> (0x00000000d708ba40) thrown at [C:\src\AOSP-openjdk-git\hotspot\src\share\vm\interpreter\l
Event: 14.565 Thread 0x000000001a91b800 Exception <a 'java/lang/ClassNotFoundException': com/android/build/gradle/internal/api/ApkVariantOutputImpl_DecoratedBeanInfo> (0x00000000d87de120) thrown at [C:\src\AOSP-openjdk-git\hotspot\src\share\vm\classfile\systemDictionary.cpp, line 210]
Event: 14.566 Thread 0x000000001a91b800 Exception <a 'java/lang/ClassNotFoundException': com/android/build/gradle/internal/api/ApkVariantOutputImplBeanInfo> (0x00000000d87fd8d0) thrown at [C:\src\AOSP-openjdk-git\hotspot\src\share\vm\classfile\systemDictionary.cpp, line 210]
Event: 14.567 Thread 0x000000001a91b800 Exception <a 'java/lang/ClassNotFoundException': com/android/build/gradle/internal/api/BaseVariantOutputImplBeanInfo> (0x00000000d881e650) thrown at [C:\src\AOSP-openjdk-git\hotspot\src\share\vm\classfile\systemDictionary.cpp, line 210]
Event: 14.568 Thread 0x000000001a91b800 Exception <a 'java/lang/ClassNotFoundException': com/android/build/gradle/internal/api/BaseVariantOutputImplCustomizer> (0x00000000d883f9d0) thrown at [C:\src\AOSP-openjdk-git\hotspot\src\share\vm\classfile\systemDictionary.cpp, line 210]
Event: 14.569 Thread 0x000000001a91b800 Exception <a 'java/lang/ClassNotFoundException': com/android/build/gradle/internal/api/ApkVariantOutputImplCustomizer> (0x00000000d887a8f8) thrown at [C:\src\AOSP-openjdk-git\hotspot\src\share\vm\classfile\systemDictionary.cpp, line 210]
Event: 14.571 Thread 0x000000001a91b800 Exception <a 'java/lang/ClassNotFoundException': com/android/build/gradle/internal/api/ApkVariantOutputImpl_DecoratedCustomizer> (0x00000000d88b1258) thrown at [C:\src\AOSP-openjdk-git\hotspot\src\share\vm\classfile\systemDictionary.cpp, line 210]
Event: 14.813 Thread 0x000000001a91b800 Implicit null exception at 0x0000000002f64224 to 0x0000000002f64509
Event: 15.763 Thread 0x000000001a91b800 Exception <a 'java/lang/ClassNotFoundException': com/sun/org/glassfish/hk2/osgiresourcelocator/ServiceLoader> (0x00000000d588db70) thrown at [C:\src\AOSP-openjdk-git\hotspot\src\share\vm\classfile\systemDictionary.cpp, line 210]

Events (10 events):
Event: 15.765 loading class java/text/MessageFormat$Field
Event: 15.766 loading class java/text/MessageFormat$Field done
Event: 15.766 loading class com/sun/xml/bind/v2/ContextFactory
Event: 15.766 loading class com/sun/xml/bind/v2/ContextFactory done
Event: 15.767 Thread 0x000000001a91b800 DEOPT PACKING pc=0x00000000032aae9c sp=0x000000001c579e30
Event: 15.767 Thread 0x000000001a91b800 DEOPT UNPACKING pc=0x00000000023275d0 sp=0x000000001c579ca8 mode 0
Event: 15.770 loading class com/sun/xml/bind/api/JAXBRIContext
Event: 15.770 loading class com/sun/xml/bind/api/JAXBRIContext done
Event: 15.771 loading class com/sun/xml/bind/v2/runtime/JAXBContextImpl
Event: 15.771 loading class com/sun/xml/bind/v2/runtime/JAXBContextImpl done


Dynamic libraries:
0x00007ff799b40000 - 0x00007ff799b71000 	C:\Program Files\Android\Android Studio\jre\bin\java.exe
0x00007ffaaa3d0000 - 0x00007ffaaa5c5000 	C:\WINDOWS\SYSTEM32\ntdll.dll
0x00007ffaaa190000 - 0x00007ffaaa24d000 	C:\WINDOWS\System32\KERNEL32.DLL
0x00007ffaa7d50000 - 0x00007ffaa8018000 	C:\WINDOWS\System32\KERNELBASE.dll
0x00007ffaa8d90000 - 0x00007ffaa8e3c000 	C:\WINDOWS\System32\ADVAPI32.dll
0x00007ffaaa250000 - 0x00007ffaaa2ee000 	C:\WINDOWS\System32\msvcrt.dll
0x00007ffaaa2f0000 - 0x00007ffaaa38b000 	C:\WINDOWS\System32\sechost.dll
0x00007ffaa8900000 - 0x00007ffaa8a2b000 	C:\WINDOWS\System32\RPCRT4.dll
0x00007ffaa9310000 - 0x00007ffaa94b0000 	C:\WINDOWS\System32\USER32.dll
0x00007ffaa7b10000 - 0x00007ffaa7b32000 	C:\WINDOWS\System32\win32u.dll
0x00007ffaa9940000 - 0x00007ffaa996a000 	C:\WINDOWS\System32\GDI32.dll
0x00007ffaa81a0000 - 0x00007ffaa82ab000 	C:\WINDOWS\System32\gdi32full.dll
0x00007ffaa8310000 - 0x00007ffaa83ad000 	C:\WINDOWS\System32\msvcp_win.dll
0x00007ffaa8070000 - 0x00007ffaa8170000 	C:\WINDOWS\System32\ucrtbase.dll
0x00007ffa996a0000 - 0x00007ffa9993a000 	C:\WINDOWS\WinSxS\amd64_microsoft.windows.common-controls_6595b64144ccf1df_6.0.19041.844_none_ca00b6081b84eb1d\COMCTL32.dll
0x00007ffaa92e0000 - 0x00007ffaa9310000 	C:\WINDOWS\System32\IMM32.DLL
0x0000000055bf0000 - 0x0000000055cc2000 	C:\Program Files\Android\Android Studio\jre\jre\bin\msvcr100.dll
0x00000000549a0000 - 0x00000000551eb000 	C:\Program Files\Android\Android Studio\jre\jre\bin\server\jvm.dll
0x00007ffaaa180000 - 0x00007ffaaa188000 	C:\WINDOWS\System32\PSAPI.DLL
0x00007ffaa3750000 - 0x00007ffaa3759000 	C:\WINDOWS\SYSTEM32\WSOCK32.dll
0x00007ffaa9270000 - 0x00007ffaa92db000 	C:\WINDOWS\System32\WS2_32.dll
0x00007ffa9a150000 - 0x00007ffa9a177000 	C:\WINDOWS\SYSTEM32\WINMM.dll
0x00007ffa975c0000 - 0x00007ffa975ca000 	C:\WINDOWS\SYSTEM32\VERSION.dll
0x00007ffaa0590000 - 0x00007ffaa059f000 	C:\Program Files\Android\Android Studio\jre\jre\bin\verify.dll
0x00007ffaa0560000 - 0x00007ffaa0589000 	C:\Program Files\Android\Android Studio\jre\jre\bin\java.dll
0x00007ffa9b050000 - 0x00007ffa9b066000 	C:\Program Files\Android\Android Studio\jre\jre\bin\zip.dll
0x00007ffaa9970000 - 0x00007ffaaa0b2000 	C:\WINDOWS\System32\SHELL32.dll
0x00007ffaa5c60000 - 0x00007ffaa63f0000 	C:\WINDOWS\SYSTEM32\windows.storage.dll
0x00007ffaa8a30000 - 0x00007ffaa8d85000 	C:\WINDOWS\System32\combase.dll
0x00007ffaa7510000 - 0x00007ffaa753c000 	C:\WINDOWS\SYSTEM32\Wldp.dll
0x00007ffaaa0d0000 - 0x00007ffaaa17e000 	C:\WINDOWS\System32\SHCORE.dll
0x00007ffaa9130000 - 0x00007ffaa9185000 	C:\WINDOWS\System32\shlwapi.dll
0x00007ffaa7a50000 - 0x00007ffaa7a6f000 	C:\WINDOWS\SYSTEM32\profapi.dll
0x00007ffa91760000 - 0x00007ffa9177a000 	C:\Program Files\Android\Android Studio\jre\jre\bin\net.dll
0x00007ffaa7280000 - 0x00007ffaa72ea000 	C:\WINDOWS\system32\mswsock.dll
0x00007ffa90ff0000 - 0x00007ffa91003000 	C:\Program Files\Android\Android Studio\jre\jre\bin\nio.dll
0x00007ffa8f6e0000 - 0x00007ffa8f706000 	C:\Users\LENOVO\.gradle\native\31\windows-amd64\native-platform.dll
0x00007ffa9cf30000 - 0x00007ffa9cf3d000 	C:\Program Files\Android\Android Studio\jre\jre\bin\management.dll
0x00007ffaa7460000 - 0x00007ffaa7478000 	C:\WINDOWS\SYSTEM32\CRYPTSP.dll
0x00007ffaa6c20000 - 0x00007ffaa6c54000 	C:\WINDOWS\system32\rsaenh.dll
0x00007ffaa8170000 - 0x00007ffaa8197000 	C:\WINDOWS\System32\bcrypt.dll
0x00007ffaa7a10000 - 0x00007ffaa7a3e000 	C:\WINDOWS\SYSTEM32\USERENV.dll
0x00007ffaa83b0000 - 0x00007ffaa8430000 	C:\WINDOWS\System32\bcryptprimitives.dll
0x00007ffaa7450000 - 0x00007ffaa745c000 	C:\WINDOWS\SYSTEM32\CRYPTBASE.dll
0x00007ffaa6f70000 - 0x00007ffaa6fab000 	C:\WINDOWS\SYSTEM32\IPHLPAPI.DLL
0x00007ffaaa0c0000 - 0x00007ffaaa0c8000 	C:\WINDOWS\System32\NSI.dll
0x00007ffa9ef70000 - 0x00007ffa9ef87000 	C:\WINDOWS\SYSTEM32\dhcpcsvc6.DLL
0x00007ffa9f220000 - 0x00007ffa9f23d000 	C:\WINDOWS\SYSTEM32\dhcpcsvc.DLL
0x00007ffaa6fb0000 - 0x00007ffaa707c000 	C:\WINDOWS\SYSTEM32\DNSAPI.dll

VM Arguments:
jvm_args: -Xmx2048m -Dfile.encoding=windows-1252 -Duser.country=ID -Duser.language=en -Duser.variant 
java_command: org.gradle.launcher.daemon.bootstrap.GradleDaemon 6.1.1
java_class_path (initial): C:\Users\LENOVO\.gradle\wrapper\dists\gradle-6.1.1-all\cfmwm155h49vnt3hynmlrsdst\gradle-6.1.1\lib\gradle-launcher-6.1.1.jar
Launcher Type: SUN_STANDARD

Environment Variables:
PATH=C:\ProgramData\Oracle\Java\javapath;C:\WINDOWS\system32;C:\WINDOWS;C:\WINDOWS\System32\Wbem;C:\WINDOWS\System32\WindowsPowerShell\v1.0\;C:\WINDOWS\System32\OpenSSH\;C:\Program Files (x86)\Microsoft SQL Server\100\Tools\Binn\;C:\Program Files\Microsoft SQL Server\100\Tools\Binn\;C:\Program Files\Microsoft SQL Server\100\DTS\Binn\;C:\Program Files\Git\cmd;C:\Users\LENOVO\AppData\Local\Microsoft\WindowsApps;;C:\Users\LENOVO\AppData\Local\Programs\Microsoft VS Code\bin
USERNAME=LENOVO
OS=Windows_NT
PROCESSOR_IDENTIFIER=Intel64 Family 6 Model 58 Stepping 9, GenuineIntel



---------------  S Y S T E M  ---------------

OS: Windows 10.0 , 64 bit Build 19041 (10.0.19041.928)

CPU:total 4 (initial active 4) (2 cores per cpu, 2 threads per core) family 6 model 58 stepping 9, cmov, cx8, fxsr, mmx, sse, sse2, sse3, ssse3, sse4.1, sse4.2, popcnt, avx, aes, clmul, erms, ht, tsc, tscinvbit, tscinv

Memory: 4k page, physical 3862632k(545704k free), swap 7374576k(5144k free)

vm_info: OpenJDK 64-Bit Server VM (25.242-b01) for windows-amd64 JRE (1.8.0_242-release-1644-b01), built by "builder" with MS VC++ 10.0 (VS2010)

time: Wed Jun 23 11:22:40 2021
timezone: SE Asia Standard Time
elapsed time: 15 seconds (0d 0h 0m 15s)

